
03-08-2023 04:35:18 [blogs.techsnapie.com][info] Feed query: [{"username":"techsnapie_magazine","blocked_users":null,"blocked_words":"","allowed_words":""},"12",20]
03-08-2023 04:35:19 [blogs.techsnapie.com][error] Feed query failed! Try reconnecting your account in the plugin settings.
-------------------------------
03-08-2023 05:11:06 [blogs.techsnapie.com][info] Feed query: [{"username":"techsnapie_magazine","blocked_users":null,"blocked_words":"","allowed_words":""},"12",20]
03-08-2023 05:11:06 [blogs.techsnapie.com][error] Feed query failed! Try reconnecting your account in the plugin settings.
-------------------------------
03-08-2023 05:13:00 [blogs.techsnapie.com][info] Feed query: [{"username":"techsnapie_magazine","blocked_users":null,"blocked_words":"","allowed_words":""},"12",20]
03-08-2023 05:13:00 [blogs.techsnapie.com][error] Feed query failed! Try reconnecting your account in the plugin settings.
-------------------------------
03-08-2023 05:16:40 [blogs.techsnapie.com][info] Feed query: [{"username":"techsnapie_magazine","blocked_users":"","blocked_words":"","allowed_words":""},"12","20"]
03-08-2023 05:16:41 [blogs.techsnapie.com][error] Feed query failed! Try reconnecting your account in the plugin settings.
-------------------------------
03-08-2023 05:18:31 [blogs.techsnapie.com][info] Feed query: [{"username":"techsnapie_magazine","blocked_users":"","blocked_words":"","allowed_words":""},"12","20"]
03-08-2023 05:18:32 [blogs.techsnapie.com][error] Feed query failed! Try reconnecting your account in the plugin settings.
-------------------------------
03-08-2023 05:27:50 [blogs.techsnapie.com][info] Feed query: [{"username":"techsnapie_magazine","blocked_users":"","blocked_words":"","allowed_words":""},"12","20"]
03-08-2023 05:27:50 [blogs.techsnapie.com][error] Feed query failed! Try reconnecting your account in the plugin settings.
-------------------------------
03-08-2023 05:36:09 [blogs.techsnapie.com][info] Feed query: [{"username":"techsnapie_magazine","blocked_users":null,"blocked_words":"","allowed_words":""},"12",20]
03-08-2023 05:36:09 [blogs.techsnapie.com][error] Feed query failed! Try reconnecting your account in the plugin settings.
-------------------------------
03-08-2023 05:37:58 [blogs.techsnapie.com][info] Feed query: [{"username":"techsnapie_magazine","blocked_users":null,"blocked_words":"","allowed_words":""},"12",20]
03-08-2023 05:37:58 [blogs.techsnapie.com][error] Feed query failed! Try reconnecting your account in the plugin settings.
-------------------------------
03-08-2023 05:38:14 [blogs.techsnapie.com][info] Feed query: [{"username":"techsnapie_magazine","blocked_users":null,"blocked_words":"","allowed_words":""},"12",20]
03-08-2023 05:38:14 [blogs.techsnapie.com][error] Feed query failed! Try reconnecting your account in the plugin settings.
-------------------------------
03-08-2023 05:41:25 [blogs.techsnapie.com][info] Feed query: [{"username":"techsnapie_magazine","blocked_users":"","blocked_words":"","allowed_words":""},"12","20"]
03-08-2023 05:41:26 [blogs.techsnapie.com][error] Feed query failed! Try reconnecting your account in the plugin settings.
-------------------------------
03-08-2023 05:55:25 [blogs.techsnapie.com][info] Feed query: [{"username":"techsnapie_magazine","blocked_users":null,"blocked_words":"","allowed_words":""},"12",20]
03-08-2023 05:55:26 [blogs.techsnapie.com][error] Feed query failed! Try reconnecting your account in the plugin settings.
-------------------------------
03-08-2023 05:56:33 [blogs.techsnapie.com][info] Feed query: [{"username":"techsnapie_magazine","blocked_users":"","blocked_words":"","allowed_words":""},"12","20"]
03-08-2023 05:56:34 [blogs.techsnapie.com][error] Feed query failed! Try reconnecting your account in the plugin settings.
-------------------------------
03-08-2023 06:09:39 [blogs.techsnapie.com][info] Feed query: [{"username":"techsnapie_magazine","blocked_users":"","blocked_words":"","allowed_words":""},"12","20"]
03-08-2023 06:09:39 [blogs.techsnapie.com][error] Feed query failed! Try reconnecting your account in the plugin settings.
-------------------------------
03-08-2023 06:14:02 [blogs.techsnapie.com][info] Feed query: [{"username":"techsnapie_magazine","blocked_users":null,"blocked_words":"","allowed_words":""},"12",20]
03-08-2023 06:14:03 [blogs.techsnapie.com][error] Feed query failed! Try reconnecting your account in the plugin settings.
-------------------------------
03-08-2023 06:15:17 [blogs.techsnapie.com][info] Feed query: [{"username":"techsnapie_magazine","blocked_users":null,"blocked_words":"","allowed_words":""},"12",20]
03-08-2023 06:15:18 [blogs.techsnapie.com][error] Feed query failed! Try reconnecting your account in the plugin settings.
-------------------------------
03-08-2023 06:16:44 [blogs.techsnapie.com][info] Feed query: [{"username":"techsnapie_magazine","blocked_users":null,"blocked_words":"","allowed_words":""},"12",20]
03-08-2023 06:16:44 [blogs.techsnapie.com][error] Feed query failed! Try reconnecting your account in the plugin settings.
-------------------------------
03-08-2023 06:24:43 [blogs.techsnapie.com][info] Feed query: [{"username":"techsnapie_magazine","blocked_users":"","blocked_words":"","allowed_words":""},"12","20"]
03-08-2023 06:24:44 [blogs.techsnapie.com][error] Feed query failed! Try reconnecting your account in the plugin settings.
-------------------------------
03-08-2023 06:34:32 [blogs.techsnapie.com][info] Feed query: [{"username":"techsnapie_magazine","blocked_users":null,"blocked_words":"","allowed_words":""},"12",20]
03-08-2023 06:34:33 [blogs.techsnapie.com][error] Feed query failed! Try reconnecting your account in the plugin settings.
-------------------------------
03-08-2023 06:39:17 [blogs.techsnapie.com][info] Feed query: [{"username":"techsnapie_magazine","blocked_users":"","blocked_words":"","allowed_words":""},"12","20"]
03-08-2023 06:39:18 [blogs.techsnapie.com][error] Feed query failed! Try reconnecting your account in the plugin settings.
-------------------------------
03-08-2023 06:51:21 [blogs.techsnapie.com][info] Feed query: [{"username":"techsnapie_magazine","blocked_users":null,"blocked_words":"","allowed_words":""},"12",20]
03-08-2023 06:51:22 [blogs.techsnapie.com][error] Feed query failed! Try reconnecting your account in the plugin settings.
-------------------------------
03-08-2023 06:52:57 [blogs.techsnapie.com][info] Feed query: [{"username":"techsnapie_magazine","blocked_users":"","blocked_words":"","allowed_words":""},"12","20"]
03-08-2023 06:52:57 [blogs.techsnapie.com][error] Feed query failed! Try reconnecting your account in the plugin settings.
-------------------------------
03-08-2023 06:53:23 [blogs.techsnapie.com][info] Feed query: [{"username":"techsnapie_magazine","blocked_users":null,"blocked_words":"","allowed_words":""},"12",20]
03-08-2023 06:53:23 [blogs.techsnapie.com][error] Feed query failed! Try reconnecting your account in the plugin settings.
-------------------------------
03-08-2023 07:02:44 [blogs.techsnapie.com][info] Feed query: [{"username":"techsnapie_magazine","blocked_users":"","blocked_words":"","allowed_words":""},"12","20"]
03-08-2023 07:02:44 [blogs.techsnapie.com][error] Feed query failed! Try reconnecting your account in the plugin settings.
-------------------------------
03-08-2023 07:06:43 [blogs.techsnapie.com][info] Feed query: [{"username":"techsnapie_magazine","blocked_users":"","blocked_words":"","allowed_words":""},"12","20"]
03-08-2023 07:06:44 [blogs.techsnapie.com][error] Feed query failed! Try reconnecting your account in the plugin settings.
-------------------------------
03-08-2023 07:15:00 [blogs.techsnapie.com][info] Feed query: [{"username":"techsnapie_magazine","blocked_users":null,"blocked_words":"","allowed_words":""},"12",20]
03-08-2023 07:15:00 [blogs.techsnapie.com][error] Feed query failed! Try reconnecting your account in the plugin settings.
-------------------------------
03-08-2023 07:43:21 [blogs.techsnapie.com][info] Feed query: [{"username":"techsnapie_magazine","blocked_users":null,"blocked_words":"","allowed_words":""},"12",20]
03-08-2023 07:43:21 [blogs.techsnapie.com][error] Feed query failed! Try reconnecting your account in the plugin settings.
-------------------------------
03-08-2023 07:44:56 [blogs.techsnapie.com][info] Feed query: [{"username":"techsnapie_magazine","blocked_users":null,"blocked_words":"","allowed_words":""},"12",20]
03-08-2023 07:44:57 [blogs.techsnapie.com][error] Feed query failed! Try reconnecting your account in the plugin settings.
-------------------------------
03-08-2023 07:46:01 [blogs.techsnapie.com][info] Feed query: [{"username":"techsnapie_magazine","blocked_users":null,"blocked_words":"","allowed_words":""},"12",20]
03-08-2023 07:46:01 [blogs.techsnapie.com][error] Feed query failed! Try reconnecting your account in the plugin settings.
-------------------------------
03-08-2023 07:47:34 [blogs.techsnapie.com][info] Feed query: [{"username":"techsnapie_magazine","blocked_users":null,"blocked_words":"","allowed_words":""},"12",20]
03-08-2023 07:47:35 [blogs.techsnapie.com][error] Feed query failed! Try reconnecting your account in the plugin settings.
-------------------------------
03-08-2023 08:02:22 [blogs.techsnapie.com][info] Feed query: [{"username":"techsnapie_magazine","blocked_users":null,"blocked_words":"","allowed_words":""},"12",20]
03-08-2023 08:02:22 [blogs.techsnapie.com][error] Feed query failed! Try reconnecting your account in the plugin settings.
-------------------------------
03-08-2023 08:03:43 [blogs.techsnapie.com][info] Feed query: [{"username":"techsnapie_magazine","blocked_users":null,"blocked_words":"","allowed_words":""},"12",20]
03-08-2023 08:03:44 [blogs.techsnapie.com][error] Feed query failed! Try reconnecting your account in the plugin settings.
-------------------------------
03-08-2023 08:13:27 [blogs.techsnapie.com][info] Feed query: [{"username":"techsnapie_magazine","blocked_users":"","blocked_words":"","allowed_words":""},"12","20"]
03-08-2023 08:13:28 [blogs.techsnapie.com][error] Feed query failed! Try reconnecting your account in the plugin settings.
-------------------------------
03-08-2023 08:26:14 [blogs.techsnapie.com][info] Feed query: [{"username":"techsnapie_magazine","blocked_users":"","blocked_words":"","allowed_words":""},"12","20"]
03-08-2023 08:26:14 [blogs.techsnapie.com][error] Feed query failed! Try reconnecting your account in the plugin settings.
-------------------------------
03-08-2023 08:33:50 [blogs.techsnapie.com][info] Feed query: [{"username":"techsnapie_magazine","blocked_users":null,"blocked_words":"","allowed_words":""},"12",20]
03-08-2023 08:33:51 [blogs.techsnapie.com][error] Feed query failed! Try reconnecting your account in the plugin settings.
-------------------------------
03-08-2023 08:36:24 [blogs.techsnapie.com][info] Feed query: [{"username":"techsnapie_magazine","blocked_users":"","blocked_words":"","allowed_words":""},"12","20"]
03-08-2023 08:36:25 [blogs.techsnapie.com][error] Feed query failed! Try reconnecting your account in the plugin settings.
-------------------------------
03-08-2023 08:46:51 [blogs.techsnapie.com][info] Feed query: [{"username":"techsnapie_magazine","blocked_users":"","blocked_words":"","allowed_words":""},"12","20"]
03-08-2023 08:46:52 [blogs.techsnapie.com][error] Feed query failed! Try reconnecting your account in the plugin settings.
-------------------------------
03-08-2023 08:52:53 [blogs.techsnapie.com][info] Feed query: [{"username":"techsnapie_magazine","blocked_users":"","blocked_words":"","allowed_words":""},"12","20"]
03-08-2023 08:52:53 [blogs.techsnapie.com][error] Feed query failed! Try reconnecting your account in the plugin settings.
-------------------------------
03-08-2023 08:54:44 [blogs.techsnapie.com][info] Feed query: [{"username":"techsnapie_magazine","blocked_users":null,"blocked_words":"","allowed_words":""},"12",20]
03-08-2023 08:54:44 [blogs.techsnapie.com][error] Feed query failed! Try reconnecting your account in the plugin settings.
-------------------------------
03-08-2023 09:03:03 [blogs.techsnapie.com][info] Feed query: [{"username":"techsnapie_magazine","blocked_users":"","blocked_words":"","allowed_words":""},"12","20"]
03-08-2023 09:03:03 [blogs.techsnapie.com][error] Feed query failed! Try reconnecting your account in the plugin settings.
-------------------------------
03-08-2023 09:08:33 [blogs.techsnapie.com][info] Feed query: [{"username":"techsnapie_magazine","blocked_users":"","blocked_words":"","allowed_words":""},"12","20"]
03-08-2023 09:08:34 [blogs.techsnapie.com][error] Feed query failed! Try reconnecting your account in the plugin settings.
-------------------------------
03-08-2023 09:18:30 [blogs.techsnapie.com][info] Feed query: [{"username":"techsnapie_magazine","blocked_users":"","blocked_words":"","allowed_words":""},"12","20"]
03-08-2023 09:18:30 [blogs.techsnapie.com][error] Feed query failed! Try reconnecting your account in the plugin settings.
-------------------------------
03-08-2023 09:21:34 [blogs.techsnapie.com][info] Feed query: [{"username":"techsnapie_magazine","blocked_users":null,"blocked_words":"","allowed_words":""},"12",20]
03-08-2023 09:21:35 [blogs.techsnapie.com][error] Feed query failed! Try reconnecting your account in the plugin settings.
-------------------------------
03-08-2023 09:23:15 [blogs.techsnapie.com][info] Feed query: [{"username":"techsnapie_magazine","blocked_users":null,"blocked_words":"","allowed_words":""},"12",20]
03-08-2023 09:23:16 [blogs.techsnapie.com][error] Feed query failed! Try reconnecting your account in the plugin settings.
-------------------------------
03-08-2023 09:24:52 [blogs.techsnapie.com][info] Feed query: [{"username":"techsnapie_magazine","blocked_users":null,"blocked_words":"","allowed_words":""},"12",20]
03-08-2023 09:24:52 [blogs.techsnapie.com][error] Feed query failed! Try reconnecting your account in the plugin settings.
-------------------------------
03-08-2023 09:26:01 [blogs.techsnapie.com][info] Feed query: [{"username":"techsnapie_magazine","blocked_users":null,"blocked_words":"","allowed_words":""},"12",20]
03-08-2023 09:26:01 [blogs.techsnapie.com][error] Feed query failed! Try reconnecting your account in the plugin settings.
-------------------------------
03-08-2023 09:28:08 [blogs.techsnapie.com][info] Feed query: [{"username":"techsnapie_magazine","blocked_users":"","blocked_words":"","allowed_words":""},"12","20"]
03-08-2023 09:28:08 [blogs.techsnapie.com][error] Feed query failed! Try reconnecting your account in the plugin settings.
-------------------------------
03-08-2023 09:28:18 [blogs.techsnapie.com][info] Feed query: [{"username":"techsnapie_magazine","blocked_users":"","blocked_words":"","allowed_words":""},"12","20"]
03-08-2023 09:28:18 [blogs.techsnapie.com][error] Feed query failed! Try reconnecting your account in the plugin settings.
-------------------------------
03-08-2023 09:38:46 [blogs.techsnapie.com][info] Feed query: [{"username":"techsnapie_magazine","blocked_users":"","blocked_words":"","allowed_words":""},"12","20"]
03-08-2023 09:38:46 [blogs.techsnapie.com][error] Feed query failed! Try reconnecting your account in the plugin settings.
-------------------------------
03-08-2023 09:40:35 [blogs.techsnapie.com][info] Feed query: [{"username":"techsnapie_magazine","blocked_users":"","blocked_words":"","allowed_words":""},"12","20"]
03-08-2023 09:40:36 [blogs.techsnapie.com][error] Feed query failed! Try reconnecting your account in the plugin settings.
-------------------------------
03-08-2023 09:49:51 [blogs.techsnapie.com][info] Feed query: [{"username":"techsnapie_magazine","blocked_users":"","blocked_words":"","allowed_words":""},"12","20"]
03-08-2023 09:49:52 [blogs.techsnapie.com][error] Feed query failed! Try reconnecting your account in the plugin settings.
-------------------------------
03-08-2023 10:00:50 [blogs.techsnapie.com][info] Feed query: [{"username":"techsnapie_magazine","blocked_users":"","blocked_words":"","allowed_words":""},"12","20"]
03-08-2023 10:00:51 [blogs.techsnapie.com][error] Feed query failed! Try reconnecting your account in the plugin settings.
-------------------------------
03-08-2023 10:11:00 [blogs.techsnapie.com][info] Feed query: [{"username":"techsnapie_magazine","blocked_users":"","blocked_words":"","allowed_words":""},"12","20"]
03-08-2023 10:11:00 [blogs.techsnapie.com][error] Feed query failed! Try reconnecting your account in the plugin settings.
-------------------------------
03-08-2023 10:22:07 [blogs.techsnapie.com][info] Feed query: [{"username":"techsnapie_magazine","blocked_users":"","blocked_words":"","allowed_words":""},"12","20"]
03-08-2023 10:22:08 [blogs.techsnapie.com][error] Feed query failed! Try reconnecting your account in the plugin settings.
-------------------------------
03-08-2023 10:27:44 [blogs.techsnapie.com][info] Feed query: [{"username":"techsnapie_magazine","blocked_users":null,"blocked_words":"","allowed_words":""},"12",20]
03-08-2023 10:27:45 [blogs.techsnapie.com][error] Feed query failed! Try reconnecting your account in the plugin settings.
-------------------------------
03-08-2023 10:32:18 [blogs.techsnapie.com][info] Feed query: [{"username":"techsnapie_magazine","blocked_users":"","blocked_words":"","allowed_words":""},"12","20"]
03-08-2023 10:32:19 [blogs.techsnapie.com][error] Feed query failed! Try reconnecting your account in the plugin settings.
-------------------------------
03-08-2023 10:43:08 [blogs.techsnapie.com][info] Feed query: [{"username":"techsnapie_magazine","blocked_users":"","blocked_words":"","allowed_words":""},"12","20"]
03-08-2023 10:43:09 [blogs.techsnapie.com][error] Feed query failed! Try reconnecting your account in the plugin settings.
-------------------------------
03-08-2023 10:54:36 [blogs.techsnapie.com][info] Feed query: [{"username":"techsnapie_magazine","blocked_users":"","blocked_words":"","allowed_words":""},"12","20"]
03-08-2023 10:54:36 [blogs.techsnapie.com][error] Feed query failed! Try reconnecting your account in the plugin settings.
-------------------------------
03-08-2023 10:54:38 [blogs.techsnapie.com][info] Feed query: [{"username":"techsnapie_magazine","blocked_users":"","blocked_words":"","allowed_words":""},"12","20"]
03-08-2023 10:54:39 [blogs.techsnapie.com][error] Feed query failed! Try reconnecting your account in the plugin settings.
-------------------------------
03-08-2023 11:26:13 [blogs.techsnapie.com][info] Feed query: [{"username":"techsnapie_magazine","blocked_users":"","blocked_words":"","allowed_words":""},"12","20"]
03-08-2023 11:26:14 [blogs.techsnapie.com][error] Feed query failed! Try reconnecting your account in the plugin settings.
-------------------------------
03-08-2023 11:33:31 [blogs.techsnapie.com][info] Feed query: [{"username":"techsnapie_magazine","blocked_users":null,"blocked_words":"","allowed_words":""},"12",20]
03-08-2023 11:33:32 [blogs.techsnapie.com][error] Feed query failed! Try reconnecting your account in the plugin settings.
-------------------------------
03-08-2023 11:35:05 [blogs.techsnapie.com][info] Feed query: [{"username":"techsnapie_magazine","blocked_users":null,"blocked_words":"","allowed_words":""},"12",20]
03-08-2023 11:35:06 [blogs.techsnapie.com][error] Feed query failed! Try reconnecting your account in the plugin settings.
-------------------------------
03-08-2023 11:35:26 [blogs.techsnapie.com][info] Feed query: [{"username":"techsnapie_magazine","blocked_users":"","blocked_words":"","allowed_words":""},"12","20"]
03-08-2023 11:35:26 [blogs.techsnapie.com][error] Feed query failed! Try reconnecting your account in the plugin settings.
-------------------------------
03-08-2023 11:36:20 [blogs.techsnapie.com][info] Feed query: [{"username":"techsnapie_magazine","blocked_users":null,"blocked_words":"","allowed_words":""},"12",20]
03-08-2023 11:36:21 [blogs.techsnapie.com][error] Feed query failed! Try reconnecting your account in the plugin settings.
-------------------------------
03-08-2023 11:37:48 [blogs.techsnapie.com][info] Feed query: [{"username":"techsnapie_magazine","blocked_users":null,"blocked_words":"","allowed_words":""},"12",20]
03-08-2023 11:37:49 [blogs.techsnapie.com][error] Feed query failed! Try reconnecting your account in the plugin settings.
-------------------------------
03-08-2023 11:41:00 [blogs.techsnapie.com][info] Feed query: [{"username":"techsnapie_magazine","blocked_users":"","blocked_words":"","allowed_words":""},"12","20"]
03-08-2023 11:41:01 [blogs.techsnapie.com][error] Feed query failed! Try reconnecting your account in the plugin settings.
-------------------------------
03-08-2023 11:47:41 [blogs.techsnapie.com][info] Feed query: [{"username":"techsnapie_magazine","blocked_users":null,"blocked_words":"","allowed_words":""},"12",20]
03-08-2023 11:47:41 [blogs.techsnapie.com][error] Feed query failed! Try reconnecting your account in the plugin settings.
-------------------------------
03-08-2023 11:47:54 [blogs.techsnapie.com][info] Feed query: [{"username":"techsnapie_magazine","blocked_users":"","blocked_words":"","allowed_words":""},"12","20"]
03-08-2023 11:47:54 [blogs.techsnapie.com][error] Feed query failed! Try reconnecting your account in the plugin settings.
-------------------------------
03-08-2023 11:50:01 [blogs.techsnapie.com][info] Feed query: [{"username":"techsnapie_magazine","blocked_users":null,"blocked_words":"","allowed_words":""},"12",20]
03-08-2023 11:50:01 [blogs.techsnapie.com][error] Feed query failed! Try reconnecting your account in the plugin settings.
-------------------------------
03-08-2023 11:50:58 [blogs.techsnapie.com][info] Feed query: [{"username":"techsnapie_magazine","blocked_users":null,"blocked_words":"","allowed_words":""},"12",20]
03-08-2023 11:50:59 [blogs.techsnapie.com][error] Feed query failed! Try reconnecting your account in the plugin settings.
-------------------------------
03-08-2023 11:52:41 [blogs.techsnapie.com][info] Feed query: [{"username":"techsnapie_magazine","blocked_users":"","blocked_words":"","allowed_words":""},"12","20"]
03-08-2023 11:52:41 [blogs.techsnapie.com][error] Feed query failed! Try reconnecting your account in the plugin settings.
-------------------------------
03-08-2023 11:53:14 [blogs.techsnapie.com][info] Feed query: [{"username":"techsnapie_magazine","blocked_users":"","blocked_words":"","allowed_words":""},"12","20"]
03-08-2023 11:53:14 [blogs.techsnapie.com][error] Feed query failed! Try reconnecting your account in the plugin settings.
-------------------------------
03-08-2023 11:58:54 [blogs.techsnapie.com][info] Feed query: [{"username":"techsnapie_magazine","blocked_users":null,"blocked_words":"","allowed_words":""},"12",20]
03-08-2023 11:58:54 [blogs.techsnapie.com][error] Feed query failed! Try reconnecting your account in the plugin settings.
-------------------------------
03-08-2023 11:59:15 [blogs.techsnapie.com][info] Feed query: [{"username":"techsnapie_magazine","blocked_users":"","blocked_words":"","allowed_words":""},"12","20"]
03-08-2023 11:59:16 [blogs.techsnapie.com][error] Feed query failed! Try reconnecting your account in the plugin settings.
-------------------------------
03-08-2023 12:04:50 [blogs.techsnapie.com][info] Feed query: [{"username":"techsnapie_magazine","blocked_users":"","blocked_words":"","allowed_words":""},"12","20"]
03-08-2023 12:04:50 [blogs.techsnapie.com][error] Feed query failed! Try reconnecting your account in the plugin settings.
-------------------------------
03-08-2023 12:10:18 [blogs.techsnapie.com][info] Feed query: [{"username":"techsnapie_magazine","blocked_users":"","blocked_words":"","allowed_words":""},"12","20"]
03-08-2023 12:10:19 [blogs.techsnapie.com][error] Feed query failed! Try reconnecting your account in the plugin settings.
-------------------------------
03-08-2023 12:16:30 [blogs.techsnapie.com][info] Feed query: [{"username":"techsnapie_magazine","blocked_users":"","blocked_words":"","allowed_words":""},"12","20"]
03-08-2023 12:16:30 [blogs.techsnapie.com][error] Feed query failed! Try reconnecting your account in the plugin settings.
-------------------------------
03-08-2023 12:23:39 [blogs.techsnapie.com][info] Feed query: [{"username":"techsnapie_magazine","blocked_users":"","blocked_words":"","allowed_words":""},"12","20"]
03-08-2023 12:23:40 [blogs.techsnapie.com][error] Feed query failed! Try reconnecting your account in the plugin settings.
-------------------------------
03-08-2023 12:29:39 [blogs.techsnapie.com][info] Feed query: [{"username":"techsnapie_magazine","blocked_users":"","blocked_words":"","allowed_words":""},"12","20"]
03-08-2023 12:29:39 [blogs.techsnapie.com][error] Feed query failed! Try reconnecting your account in the plugin settings.
-------------------------------
03-08-2023 12:36:11 [blogs.techsnapie.com][info] Feed query: [{"username":"techsnapie_magazine","blocked_users":"","blocked_words":"","allowed_words":""},"12","20"]
03-08-2023 12:36:12 [blogs.techsnapie.com][error] Feed query failed! Try reconnecting your account in the plugin settings.
-------------------------------
03-08-2023 12:42:05 [blogs.techsnapie.com][info] Feed query: [{"username":"techsnapie_magazine","blocked_users":"","blocked_words":"","allowed_words":""},"12","20"]
03-08-2023 12:42:05 [blogs.techsnapie.com][error] Feed query failed! Try reconnecting your account in the plugin settings.
-------------------------------
03-08-2023 12:48:32 [blogs.techsnapie.com][info] Feed query: [{"username":"techsnapie_magazine","blocked_users":"","blocked_words":"","allowed_words":""},"12","20"]
03-08-2023 12:48:33 [blogs.techsnapie.com][error] Feed query failed! Try reconnecting your account in the plugin settings.
-------------------------------
03-08-2023 12:48:55 [blogs.techsnapie.com][info] Feed query: [{"username":"techsnapie_magazine","blocked_users":null,"blocked_words":"","allowed_words":""},"12",20]
03-08-2023 12:48:56 [blogs.techsnapie.com][error] Feed query failed! Try reconnecting your account in the plugin settings.
-------------------------------
03-08-2023 12:50:55 [blogs.techsnapie.com][info] Feed query: [{"username":"techsnapie_magazine","blocked_users":null,"blocked_words":"","allowed_words":""},"12",20]
03-08-2023 12:50:55 [blogs.techsnapie.com][error] Feed query failed! Try reconnecting your account in the plugin settings.
-------------------------------
03-08-2023 12:55:00 [blogs.techsnapie.com][info] Feed query: [{"username":"techsnapie_magazine","blocked_users":"","blocked_words":"","allowed_words":""},"12","20"]
03-08-2023 12:55:01 [blogs.techsnapie.com][error] Feed query failed! Try reconnecting your account in the plugin settings.
-------------------------------
03-08-2023 13:01:20 [blogs.techsnapie.com][info] Feed query: [{"account":"techsnapie_magazine","blocked_users":"","blocked_words":"","allowed_words":""},"5","20"]
03-08-2023 13:01:21 [blogs.techsnapie.com][error] Feed query failed! Try reconnecting your account in the plugin settings.
03-08-2023 13:01:21 [blogs.techsnapie.com][info] Feed query: [{"username":"techsnapie_magazine","blocked_users":"","blocked_words":"","allowed_words":""},"12","20"]
03-08-2023 13:01:22 [blogs.techsnapie.com][error] Feed query failed! Try reconnecting your account in the plugin settings.
-------------------------------
03-08-2023 13:25:50 [blogs.techsnapie.com][info] Feed query: [{"username":"techsnapie_magazine","blocked_users":null,"blocked_words":"","allowed_words":""},"12",20]
03-08-2023 13:25:51 [blogs.techsnapie.com][error] Feed query failed! Try reconnecting your account in the plugin settings.
-------------------------------
03-08-2023 13:27:24 [blogs.techsnapie.com][info] Feed query: [{"username":"techsnapie_magazine","blocked_users":null,"blocked_words":"","allowed_words":""},"12",20]
03-08-2023 13:27:24 [blogs.techsnapie.com][error] Feed query failed! Try reconnecting your account in the plugin settings.
-------------------------------
03-08-2023 13:28:31 [blogs.techsnapie.com][info] Feed query: [{"username":"techsnapie_magazine","blocked_users":null,"blocked_words":"","allowed_words":""},"12",20]
03-08-2023 13:28:32 [blogs.techsnapie.com][error] Feed query failed! Try reconnecting your account in the plugin settings.
-------------------------------
03-08-2023 13:30:11 [blogs.techsnapie.com][info] Feed query: [{"username":"techsnapie_magazine","blocked_users":null,"blocked_words":"","allowed_words":""},"12",20]
03-08-2023 13:30:11 [blogs.techsnapie.com][error] Feed query failed! Try reconnecting your account in the plugin settings.
-------------------------------
03-08-2023 13:31:24 [blogs.techsnapie.com][info] Feed query: [{"username":"techsnapie_magazine","blocked_users":null,"blocked_words":"","allowed_words":""},"12",20]
03-08-2023 13:31:25 [blogs.techsnapie.com][error] Feed query failed! Try reconnecting your account in the plugin settings.
-------------------------------
03-08-2023 14:07:08 [blogs.techsnapie.com][info] Feed query: [{"username":"techsnapie_magazine","blocked_users":null,"blocked_words":"","allowed_words":""},"12",20]
03-08-2023 14:07:09 [blogs.techsnapie.com][error] Feed query failed! Try reconnecting your account in the plugin settings.
-------------------------------
03-08-2023 14:26:27 [blogs.techsnapie.com][info] Feed query: [{"username":"techsnapie_magazine","blocked_users":null,"blocked_words":"","allowed_words":""},"12",20]
03-08-2023 14:26:28 [blogs.techsnapie.com][error] Feed query failed! Try reconnecting your account in the plugin settings.
-------------------------------
03-08-2023 14:36:55 [blogs.techsnapie.com][info] Feed query: [{"username":"techsnapie_magazine","blocked_users":"","blocked_words":"","allowed_words":""},"12","20"]
03-08-2023 14:36:55 [blogs.techsnapie.com][error] Feed query failed! Try reconnecting your account in the plugin settings.
-------------------------------
03-08-2023 14:43:36 [blogs.techsnapie.com][info] Feed query: [{"username":"techsnapie_magazine","blocked_users":"","blocked_words":"","allowed_words":""},"12","20"]
03-08-2023 14:43:37 [blogs.techsnapie.com][error] Feed query failed! Try reconnecting your account in the plugin settings.
-------------------------------
03-08-2023 14:49:03 [blogs.techsnapie.com][info] Feed query: [{"username":"techsnapie_magazine","blocked_users":"","blocked_words":"","allowed_words":""},"12","20"]
03-08-2023 14:49:04 [blogs.techsnapie.com][error] Feed query failed! Try reconnecting your account in the plugin settings.
-------------------------------
03-08-2023 14:49:41 [blogs.techsnapie.com][info] Feed query: [{"username":"techsnapie_magazine","blocked_users":"","blocked_words":"","allowed_words":""},"12","20"]
03-08-2023 14:49:41 [blogs.techsnapie.com][error] Feed query failed! Try reconnecting your account in the plugin settings.
-------------------------------
03-08-2023 14:55:37 [blogs.techsnapie.com][info] Feed query: [{"username":"techsnapie_magazine","blocked_users":"","blocked_words":"","allowed_words":""},"12","20"]
03-08-2023 14:55:37 [blogs.techsnapie.com][error] Feed query failed! Try reconnecting your account in the plugin settings.
-------------------------------
03-08-2023 14:56:14 [blogs.techsnapie.com][info] Feed query: [{"username":"techsnapie_magazine","blocked_users":"","blocked_words":"","allowed_words":""},"12","20"]
03-08-2023 14:56:14 [blogs.techsnapie.com][error] Feed query failed! Try reconnecting your account in the plugin settings.
-------------------------------
03-08-2023 14:56:15 [blogs.techsnapie.com][info] Feed query: [{"username":"techsnapie_magazine","blocked_users":null,"blocked_words":"","allowed_words":""},"12",20]
03-08-2023 14:56:15 [blogs.techsnapie.com][error] Feed query failed! Try reconnecting your account in the plugin settings.
-------------------------------
03-08-2023 15:01:54 [blogs.techsnapie.com][info] Feed query: [{"username":"techsnapie_magazine","blocked_users":"","blocked_words":"","allowed_words":""},"12","20"]
03-08-2023 15:01:55 [blogs.techsnapie.com][error] Feed query failed! Try reconnecting your account in the plugin settings.
-------------------------------
03-08-2023 15:08:26 [blogs.techsnapie.com][info] Feed query: [{"username":"techsnapie_magazine","blocked_users":"","blocked_words":"","allowed_words":""},"12","20"]
03-08-2023 15:08:26 [blogs.techsnapie.com][error] Feed query failed! Try reconnecting your account in the plugin settings.
-------------------------------
03-08-2023 15:14:27 [blogs.techsnapie.com][info] Feed query: [{"username":"techsnapie_magazine","blocked_users":"","blocked_words":"","allowed_words":""},"12","20"]
03-08-2023 15:14:28 [blogs.techsnapie.com][error] Feed query failed! Try reconnecting your account in the plugin settings.
-------------------------------
03-08-2023 15:20:49 [blogs.techsnapie.com][info] Feed query: [{"username":"techsnapie_magazine","blocked_users":"","blocked_words":"","allowed_words":""},"12","20"]
03-08-2023 15:20:50 [blogs.techsnapie.com][error] Feed query failed! Try reconnecting your account in the plugin settings.
-------------------------------
03-08-2023 15:20:54 [blogs.techsnapie.com][info] Feed query: [{"username":"techsnapie_magazine","blocked_users":null,"blocked_words":"","allowed_words":""},"12",20]
03-08-2023 15:20:55 [blogs.techsnapie.com][error] Feed query failed! Try reconnecting your account in the plugin settings.
-------------------------------
03-08-2023 15:27:00 [blogs.techsnapie.com][info] Feed query: [{"username":"techsnapie_magazine","blocked_users":"","blocked_words":"","allowed_words":""},"12","20"]
03-08-2023 15:27:01 [blogs.techsnapie.com][error] Feed query failed! Try reconnecting your account in the plugin settings.
-------------------------------
03-08-2023 15:33:35 [blogs.techsnapie.com][info] Feed query: [{"username":"techsnapie_magazine","blocked_users":"","blocked_words":"","allowed_words":""},"12","20"]
03-08-2023 15:33:35 [blogs.techsnapie.com][error] Feed query failed! Try reconnecting your account in the plugin settings.
-------------------------------
03-08-2023 15:38:35 [blogs.techsnapie.com][info] Feed query: [{"username":"techsnapie_magazine","blocked_users":null,"blocked_words":"","allowed_words":""},"12",20]
03-08-2023 15:38:36 [blogs.techsnapie.com][error] Feed query failed! Try reconnecting your account in the plugin settings.
-------------------------------
03-08-2023 15:39:20 [blogs.techsnapie.com][info] Feed query: [{"username":"techsnapie_magazine","blocked_users":"","blocked_words":"","allowed_words":""},"12","20"]
03-08-2023 15:39:20 [blogs.techsnapie.com][error] Feed query failed! Try reconnecting your account in the plugin settings.
-------------------------------
03-08-2023 15:41:23 [blogs.techsnapie.com][info] Feed query: [{"username":"techsnapie_magazine","blocked_users":null,"blocked_words":"","allowed_words":""},"12",20]
03-08-2023 15:41:24 [blogs.techsnapie.com][error] Feed query failed! Try reconnecting your account in the plugin settings.
-------------------------------
03-08-2023 15:43:07 [blogs.techsnapie.com][info] Feed query: [{"username":"techsnapie_magazine","blocked_users":null,"blocked_words":"","allowed_words":""},"12",20]
03-08-2023 15:43:07 [blogs.techsnapie.com][error] Feed query failed! Try reconnecting your account in the plugin settings.
-------------------------------
03-08-2023 15:44:59 [blogs.techsnapie.com][info] Feed query: [{"username":"techsnapie_magazine","blocked_users":"","blocked_words":"","allowed_words":""},"12","20"]
03-08-2023 15:45:00 [blogs.techsnapie.com][error] Feed query failed! Try reconnecting your account in the plugin settings.
-------------------------------
03-08-2023 15:46:27 [blogs.techsnapie.com][info] Feed query: [{"username":"techsnapie_magazine","blocked_users":null,"blocked_words":"","allowed_words":""},"12",20]
03-08-2023 15:46:27 [blogs.techsnapie.com][error] Feed query failed! Try reconnecting your account in the plugin settings.
-------------------------------
03-08-2023 15:47:47 [blogs.techsnapie.com][info] Feed query: [{"username":"techsnapie_magazine","blocked_users":null,"blocked_words":"","allowed_words":""},"12",20]
03-08-2023 15:47:47 [blogs.techsnapie.com][error] Feed query failed! Try reconnecting your account in the plugin settings.
-------------------------------
03-08-2023 15:49:27 [blogs.techsnapie.com][info] Feed query: [{"username":"techsnapie_magazine","blocked_users":null,"blocked_words":"","allowed_words":""},"12",20]
03-08-2023 15:49:27 [blogs.techsnapie.com][error] Feed query failed! Try reconnecting your account in the plugin settings.
-------------------------------
03-08-2023 15:52:32 [blogs.techsnapie.com][info] Feed query: [{"username":"techsnapie_magazine","blocked_users":"","blocked_words":"","allowed_words":""},"12","20"]
03-08-2023 15:52:32 [blogs.techsnapie.com][error] Feed query failed! Try reconnecting your account in the plugin settings.
-------------------------------
03-08-2023 15:58:54 [blogs.techsnapie.com][info] Feed query: [{"account":"techsnapie_magazine","blocked_users":"","blocked_words":"","allowed_words":""},"5","20"]
03-08-2023 15:58:55 [blogs.techsnapie.com][error] Feed query failed! Try reconnecting your account in the plugin settings.
03-08-2023 15:58:55 [blogs.techsnapie.com][info] Feed query: [{"username":"techsnapie_magazine","blocked_users":"","blocked_words":"","allowed_words":""},"12","20"]
03-08-2023 15:58:55 [blogs.techsnapie.com][error] Feed query failed! Try reconnecting your account in the plugin settings.
-------------------------------
03-08-2023 16:05:22 [blogs.techsnapie.com][info] Feed query: [{"username":"techsnapie_magazine","blocked_users":"","blocked_words":"","allowed_words":""},"12","20"]
03-08-2023 16:05:22 [blogs.techsnapie.com][error] Feed query failed! Try reconnecting your account in the plugin settings.
-------------------------------
03-08-2023 16:05:34 [blogs.techsnapie.com][info] Feed query: [{"username":"techsnapie_magazine","blocked_users":null,"blocked_words":"","allowed_words":""},"12",20]
03-08-2023 16:05:35 [blogs.techsnapie.com][error] Feed query failed! Try reconnecting your account in the plugin settings.
-------------------------------
03-08-2023 16:07:53 [blogs.techsnapie.com][info] Feed query: [{"username":"techsnapie_magazine","blocked_users":null,"blocked_words":"","allowed_words":""},"12",20]
03-08-2023 16:07:54 [blogs.techsnapie.com][error] Feed query failed! Try reconnecting your account in the plugin settings.
-------------------------------
03-08-2023 16:11:32 [blogs.techsnapie.com][info] Feed query: [{"username":"techsnapie_magazine","blocked_users":"","blocked_words":"","allowed_words":""},"12","20"]
03-08-2023 16:11:33 [blogs.techsnapie.com][error] Feed query failed! Try reconnecting your account in the plugin settings.
-------------------------------
03-08-2023 16:18:04 [blogs.techsnapie.com][info] Feed query: [{"username":"techsnapie_magazine","blocked_users":"","blocked_words":"","allowed_words":""},"12","20"]
03-08-2023 16:18:04 [blogs.techsnapie.com][error] Feed query failed! Try reconnecting your account in the plugin settings.
-------------------------------
03-08-2023 16:24:39 [blogs.techsnapie.com][info] Feed query: [{"username":"techsnapie_magazine","blocked_users":"","blocked_words":"","allowed_words":""},"12","20"]
03-08-2023 16:24:39 [blogs.techsnapie.com][error] Feed query failed! Try reconnecting your account in the plugin settings.
-------------------------------
03-08-2023 16:26:17 [blogs.techsnapie.com][info] Feed query: [{"username":"techsnapie_magazine","blocked_users":"","blocked_words":"","allowed_words":""},"12","20"]
03-08-2023 16:26:17 [blogs.techsnapie.com][error] Feed query failed! Try reconnecting your account in the plugin settings.
-------------------------------
03-08-2023 16:30:50 [blogs.techsnapie.com][info] Feed query: [{"username":"techsnapie_magazine","blocked_users":null,"blocked_words":"","allowed_words":""},"12",20]
03-08-2023 16:30:51 [blogs.techsnapie.com][error] Feed query failed! Try reconnecting your account in the plugin settings.
-------------------------------
03-08-2023 16:31:44 [blogs.techsnapie.com][info] Feed query: [{"username":"techsnapie_magazine","blocked_users":"","blocked_words":"","allowed_words":""},"12","20"]
03-08-2023 16:31:45 [blogs.techsnapie.com][error] Feed query failed! Try reconnecting your account in the plugin settings.
-------------------------------
03-08-2023 16:38:48 [blogs.techsnapie.com][info] Feed query: [{"username":"techsnapie_magazine","blocked_users":"","blocked_words":"","allowed_words":""},"12","20"]
03-08-2023 16:38:48 [blogs.techsnapie.com][error] Feed query failed! Try reconnecting your account in the plugin settings.
-------------------------------
03-08-2023 16:45:42 [blogs.techsnapie.com][info] Feed query: [{"username":"techsnapie_magazine","blocked_users":"","blocked_words":"","allowed_words":""},"12","20"]
03-08-2023 16:45:43 [blogs.techsnapie.com][error] Feed query failed! Try reconnecting your account in the plugin settings.
-------------------------------
03-08-2023 16:52:04 [blogs.techsnapie.com][info] Feed query: [{"username":"techsnapie_magazine","blocked_users":"","blocked_words":"","allowed_words":""},"12","20"]
03-08-2023 16:52:05 [blogs.techsnapie.com][error] Feed query failed! Try reconnecting your account in the plugin settings.
-------------------------------
03-08-2023 17:13:13 [blogs.techsnapie.com][info] Feed query: [{"username":"techsnapie_magazine","blocked_users":"","blocked_words":"","allowed_words":""},"12","20"]
03-08-2023 17:13:13 [blogs.techsnapie.com][error] Feed query failed! Try reconnecting your account in the plugin settings.
-------------------------------
03-08-2023 17:16:44 [blogs.techsnapie.com][info] Feed query: [{"username":"techsnapie_magazine","blocked_users":"","blocked_words":"","allowed_words":""},"12","20"]
03-08-2023 17:16:44 [blogs.techsnapie.com][error] Feed query failed! Try reconnecting your account in the plugin settings.
-------------------------------
03-08-2023 17:19:39 [blogs.techsnapie.com][info] Feed query: [{"username":"techsnapie_magazine","blocked_users":"","blocked_words":"","allowed_words":""},"12","20"]
03-08-2023 17:19:39 [blogs.techsnapie.com][error] Feed query failed! Try reconnecting your account in the plugin settings.
-------------------------------
03-08-2023 17:23:06 [blogs.techsnapie.com][info] Feed query: [{"username":"techsnapie_magazine","blocked_users":"","blocked_words":"","allowed_words":""},"12","20"]
03-08-2023 17:23:06 [blogs.techsnapie.com][error] Feed query failed! Try reconnecting your account in the plugin settings.
-------------------------------
03-08-2023 17:26:58 [blogs.techsnapie.com][info] Feed query: [{"username":"techsnapie_magazine","blocked_users":"","blocked_words":"","allowed_words":""},"12","20"]
03-08-2023 17:26:59 [blogs.techsnapie.com][error] Feed query failed! Try reconnecting your account in the plugin settings.
-------------------------------
03-08-2023 17:30:48 [blogs.techsnapie.com][info] Feed query: [{"username":"techsnapie_magazine","blocked_users":"","blocked_words":"","allowed_words":""},"12","20"]
03-08-2023 17:30:49 [blogs.techsnapie.com][error] Feed query failed! Try reconnecting your account in the plugin settings.
-------------------------------
03-08-2023 17:33:40 [blogs.techsnapie.com][info] Feed query: [{"username":"techsnapie_magazine","blocked_users":"","blocked_words":"","allowed_words":""},"12","20"]
03-08-2023 17:33:41 [blogs.techsnapie.com][error] Feed query failed! Try reconnecting your account in the plugin settings.
-------------------------------
03-08-2023 17:36:34 [blogs.techsnapie.com][info] Feed query: [{"username":"techsnapie_magazine","blocked_users":"","blocked_words":"","allowed_words":""},"12","20"]
03-08-2023 17:36:35 [blogs.techsnapie.com][error] Feed query failed! Try reconnecting your account in the plugin settings.
-------------------------------
03-08-2023 17:39:32 [blogs.techsnapie.com][info] Feed query: [{"username":"techsnapie_magazine","blocked_users":"","blocked_words":"","allowed_words":""},"12","20"]
03-08-2023 17:39:32 [blogs.techsnapie.com][error] Feed query failed! Try reconnecting your account in the plugin settings.
-------------------------------
03-08-2023 17:42:29 [blogs.techsnapie.com][info] Feed query: [{"username":"techsnapie_magazine","blocked_users":"","blocked_words":"","allowed_words":""},"12","20"]
03-08-2023 17:42:29 [blogs.techsnapie.com][error] Feed query failed! Try reconnecting your account in the plugin settings.
-------------------------------
03-08-2023 17:45:24 [blogs.techsnapie.com][info] Feed query: [{"username":"techsnapie_magazine","blocked_users":"","blocked_words":"","allowed_words":""},"12","20"]
03-08-2023 17:45:24 [blogs.techsnapie.com][error] Feed query failed! Try reconnecting your account in the plugin settings.
-------------------------------
03-08-2023 17:48:05 [blogs.techsnapie.com][info] Feed query: [{"username":"techsnapie_magazine","blocked_users":"","blocked_words":"","allowed_words":""},"12","20"]
03-08-2023 17:48:06 [blogs.techsnapie.com][error] Feed query failed! Try reconnecting your account in the plugin settings.
-------------------------------
03-08-2023 17:53:41 [blogs.techsnapie.com][info] Feed query: [{"username":"techsnapie_magazine","blocked_users":"","blocked_words":"","allowed_words":""},"12","20"]
03-08-2023 17:53:42 [blogs.techsnapie.com][error] Feed query failed! Try reconnecting your account in the plugin settings.
-------------------------------
03-08-2023 17:57:17 [blogs.techsnapie.com][info] Feed query: [{"username":"techsnapie_magazine","blocked_users":"","blocked_words":"","allowed_words":""},"12","20"]
03-08-2023 17:57:18 [blogs.techsnapie.com][error] Feed query failed! Try reconnecting your account in the plugin settings.
-------------------------------
03-08-2023 18:03:25 [blogs.techsnapie.com][info] Feed query: [{"username":"techsnapie_magazine","blocked_users":"","blocked_words":"","allowed_words":""},"12","20"]
03-08-2023 18:03:26 [blogs.techsnapie.com][error] Feed query failed! Try reconnecting your account in the plugin settings.
-------------------------------
03-08-2023 18:06:26 [blogs.techsnapie.com][info] Feed query: [{"username":"techsnapie_magazine","blocked_users":"","blocked_words":"","allowed_words":""},"12","20"]
03-08-2023 18:06:27 [blogs.techsnapie.com][error] Feed query failed! Try reconnecting your account in the plugin settings.
-------------------------------
03-08-2023 18:09:39 [blogs.techsnapie.com][info] Feed query: [{"username":"techsnapie_magazine","blocked_users":"","blocked_words":"","allowed_words":""},"12","20"]
03-08-2023 18:09:39 [blogs.techsnapie.com][error] Feed query failed! Try reconnecting your account in the plugin settings.
-------------------------------
03-08-2023 18:13:06 [blogs.techsnapie.com][info] Feed query: [{"username":"techsnapie_magazine","blocked_users":"","blocked_words":"","allowed_words":""},"12","20"]
03-08-2023 18:13:07 [blogs.techsnapie.com][error] Feed query failed! Try reconnecting your account in the plugin settings.
-------------------------------
03-08-2023 18:16:06 [blogs.techsnapie.com][info] Feed query: [{"username":"techsnapie_magazine","blocked_users":"","blocked_words":"","allowed_words":""},"12","20"]
03-08-2023 18:16:07 [blogs.techsnapie.com][error] Feed query failed! Try reconnecting your account in the plugin settings.
-------------------------------
03-08-2023 18:19:19 [blogs.techsnapie.com][info] Feed query: [{"username":"techsnapie_magazine","blocked_users":"","blocked_words":"","allowed_words":""},"12","20"]
03-08-2023 18:19:19 [blogs.techsnapie.com][error] Feed query failed! Try reconnecting your account in the plugin settings.
-------------------------------
03-08-2023 18:22:26 [blogs.techsnapie.com][info] Feed query: [{"username":"techsnapie_magazine","blocked_users":"","blocked_words":"","allowed_words":""},"12","20"]
03-08-2023 18:22:26 [blogs.techsnapie.com][error] Feed query failed! Try reconnecting your account in the plugin settings.
-------------------------------
03-08-2023 18:24:36 [blogs.techsnapie.com][info] Feed query: [{"username":"techsnapie_magazine","blocked_users":null,"blocked_words":"","allowed_words":""},"12",20]
03-08-2023 18:24:37 [blogs.techsnapie.com][error] Feed query failed! Try reconnecting your account in the plugin settings.
-------------------------------
03-08-2023 18:24:41 [blogs.techsnapie.com][info] Feed query: [{"username":"techsnapie_magazine","blocked_users":null,"blocked_words":"","allowed_words":""},"12",20]
03-08-2023 18:24:41 [blogs.techsnapie.com][error] Feed query failed! Try reconnecting your account in the plugin settings.
-------------------------------
03-08-2023 18:24:43 [blogs.techsnapie.com][info] Feed query: [{"username":"techsnapie_magazine","blocked_users":"","blocked_words":"","allowed_words":""},"12","20"]
03-08-2023 18:24:44 [blogs.techsnapie.com][error] Feed query failed! Try reconnecting your account in the plugin settings.
-------------------------------
03-08-2023 18:25:36 [blogs.techsnapie.com][info] Feed query: [{"username":"techsnapie_magazine","blocked_users":"","blocked_words":"","allowed_words":""},"12","20"]
03-08-2023 18:25:37 [blogs.techsnapie.com][error] Feed query failed! Try reconnecting your account in the plugin settings.
-------------------------------
03-08-2023 18:29:19 [blogs.techsnapie.com][info] Feed query: [{"username":"techsnapie_magazine","blocked_users":"","blocked_words":"","allowed_words":""},"12","20"]
03-08-2023 18:29:20 [blogs.techsnapie.com][error] Feed query failed! Try reconnecting your account in the plugin settings.
-------------------------------
03-08-2023 18:32:26 [blogs.techsnapie.com][info] Feed query: [{"username":"techsnapie_magazine","blocked_users":"","blocked_words":"","allowed_words":""},"12","20"]
03-08-2023 18:32:27 [blogs.techsnapie.com][error] Feed query failed! Try reconnecting your account in the plugin settings.
-------------------------------
03-08-2023 18:36:28 [blogs.techsnapie.com][info] Feed query: [{"username":"techsnapie_magazine","blocked_users":"","blocked_words":"","allowed_words":""},"12","20"]
03-08-2023 18:36:28 [blogs.techsnapie.com][error] Feed query failed! Try reconnecting your account in the plugin settings.
-------------------------------
03-08-2023 18:40:16 [blogs.techsnapie.com][info] Feed query: [{"username":"techsnapie_magazine","blocked_users":"","blocked_words":"","allowed_words":""},"12","20"]
03-08-2023 18:40:16 [blogs.techsnapie.com][error] Feed query failed! Try reconnecting your account in the plugin settings.
-------------------------------
03-08-2023 18:44:12 [blogs.techsnapie.com][info] Feed query: [{"username":"techsnapie_magazine","blocked_users":"","blocked_words":"","allowed_words":""},"12","20"]
03-08-2023 18:44:12 [blogs.techsnapie.com][error] Feed query failed! Try reconnecting your account in the plugin settings.
-------------------------------
03-08-2023 18:47:00 [blogs.techsnapie.com][info] Feed query: [{"username":"techsnapie_magazine","blocked_users":"","blocked_words":"","allowed_words":""},"12","20"]
03-08-2023 18:47:00 [blogs.techsnapie.com][error] Feed query failed! Try reconnecting your account in the plugin settings.
-------------------------------
03-08-2023 18:47:55 [blogs.techsnapie.com][info] Feed query: [{"username":"techsnapie_magazine","blocked_users":"","blocked_words":"","allowed_words":""},"12","20"]
03-08-2023 18:47:56 [blogs.techsnapie.com][error] Feed query failed! Try reconnecting your account in the plugin settings.
-------------------------------
03-08-2023 18:51:17 [blogs.techsnapie.com][info] Feed query: [{"username":"techsnapie_magazine","blocked_users":"","blocked_words":"","allowed_words":""},"12","20"]
03-08-2023 18:51:18 [blogs.techsnapie.com][error] Feed query failed! Try reconnecting your account in the plugin settings.
-------------------------------
03-08-2023 18:54:24 [blogs.techsnapie.com][info] Feed query: [{"username":"techsnapie_magazine","blocked_users":"","blocked_words":"","allowed_words":""},"12","20"]
03-08-2023 18:54:24 [blogs.techsnapie.com][error] Feed query failed! Try reconnecting your account in the plugin settings.
-------------------------------
03-08-2023 18:57:54 [blogs.techsnapie.com][info] Feed query: [{"username":"techsnapie_magazine","blocked_users":"","blocked_words":"","allowed_words":""},"12","20"]
03-08-2023 18:57:55 [blogs.techsnapie.com][error] Feed query failed! Try reconnecting your account in the plugin settings.
-------------------------------
03-08-2023 19:01:04 [blogs.techsnapie.com][info] Feed query: [{"username":"techsnapie_magazine","blocked_users":"","blocked_words":"","allowed_words":""},"12","20"]
03-08-2023 19:01:05 [blogs.techsnapie.com][error] Feed query failed! Try reconnecting your account in the plugin settings.
-------------------------------
03-08-2023 19:04:13 [blogs.techsnapie.com][info] Feed query: [{"username":"techsnapie_magazine","blocked_users":"","blocked_words":"","allowed_words":""},"12","20"]
03-08-2023 19:04:14 [blogs.techsnapie.com][error] Feed query failed! Try reconnecting your account in the plugin settings.
-------------------------------
03-08-2023 19:04:39 [blogs.techsnapie.com][info] Feed query: [{"username":"techsnapie_magazine","blocked_users":"","blocked_words":"","allowed_words":""},"12","20"]
03-08-2023 19:04:40 [blogs.techsnapie.com][error] Feed query failed! Try reconnecting your account in the plugin settings.
-------------------------------
03-08-2023 19:07:34 [blogs.techsnapie.com][info] Feed query: [{"username":"techsnapie_magazine","blocked_users":"","blocked_words":"","allowed_words":""},"12","20"]
03-08-2023 19:07:35 [blogs.techsnapie.com][error] Feed query failed! Try reconnecting your account in the plugin settings.
-------------------------------
03-08-2023 19:10:21 [blogs.techsnapie.com][info] Feed query: [{"username":"techsnapie_magazine","blocked_users":"","blocked_words":"","allowed_words":""},"12","20"]
03-08-2023 19:10:22 [blogs.techsnapie.com][error] Feed query failed! Try reconnecting your account in the plugin settings.
-------------------------------
03-08-2023 19:11:58 [blogs.techsnapie.com][info] Feed query: [{"username":"techsnapie_magazine","blocked_users":"","blocked_words":"","allowed_words":""},"12","20"]
03-08-2023 19:11:58 [blogs.techsnapie.com][error] Feed query failed! Try reconnecting your account in the plugin settings.
-------------------------------
03-08-2023 19:17:08 [blogs.techsnapie.com][info] Feed query: [{"username":"techsnapie_magazine","blocked_users":"","blocked_words":"","allowed_words":""},"12","20"]
03-08-2023 19:17:09 [blogs.techsnapie.com][error] Feed query failed! Try reconnecting your account in the plugin settings.
-------------------------------
03-08-2023 19:21:57 [blogs.techsnapie.com][info] Feed query: [{"username":"techsnapie_magazine","blocked_users":"","blocked_words":"","allowed_words":""},"12","20"]
03-08-2023 19:21:57 [blogs.techsnapie.com][error] Feed query failed! Try reconnecting your account in the plugin settings.
-------------------------------
03-08-2023 19:25:18 [blogs.techsnapie.com][info] Feed query: [{"username":"techsnapie_magazine","blocked_users":"","blocked_words":"","allowed_words":""},"12","20"]
03-08-2023 19:25:19 [blogs.techsnapie.com][error] Feed query failed! Try reconnecting your account in the plugin settings.
-------------------------------
03-08-2023 19:29:30 [blogs.techsnapie.com][info] Feed query: [{"username":"techsnapie_magazine","blocked_users":"","blocked_words":"","allowed_words":""},"12","20"]
03-08-2023 19:29:31 [blogs.techsnapie.com][error] Feed query failed! Try reconnecting your account in the plugin settings.
-------------------------------
03-08-2023 20:00:06 [blogs.techsnapie.com][info] Feed query: [{"username":"techsnapie_magazine","blocked_users":"","blocked_words":"","allowed_words":""},"12","20"]
03-08-2023 20:00:07 [blogs.techsnapie.com][error] Feed query failed! Try reconnecting your account in the plugin settings.
-------------------------------
03-08-2023 20:18:09 [blogs.techsnapie.com][info] Feed query: [{"username":"techsnapie_magazine","blocked_users":null,"blocked_words":"","allowed_words":""},"12",20]
03-08-2023 20:18:10 [blogs.techsnapie.com][error] Feed query failed! Try reconnecting your account in the plugin settings.
-------------------------------
03-08-2023 20:27:10 [blogs.techsnapie.com][info] Feed query: [{"username":"techsnapie_magazine","blocked_users":"","blocked_words":"","allowed_words":""},"12","20"]
03-08-2023 20:27:10 [blogs.techsnapie.com][error] Feed query failed! Try reconnecting your account in the plugin settings.
-------------------------------
03-08-2023 20:43:12 [blogs.techsnapie.com][info] Feed query: [{"username":"techsnapie_magazine","blocked_users":"","blocked_words":"","allowed_words":""},"12","20"]
03-08-2023 20:43:13 [blogs.techsnapie.com][error] Feed query failed! Try reconnecting your account in the plugin settings.
-------------------------------
03-08-2023 20:48:33 [blogs.techsnapie.com][info] Feed query: [{"username":"techsnapie_magazine","blocked_users":"","blocked_words":"","allowed_words":""},"12","20"]
03-08-2023 20:48:34 [blogs.techsnapie.com][error] Feed query failed! Try reconnecting your account in the plugin settings.
-------------------------------
03-08-2023 20:53:03 [blogs.techsnapie.com][info] Feed query: [{"username":"techsnapie_magazine","blocked_users":"","blocked_words":"","allowed_words":""},"12","20"]
03-08-2023 20:53:03 [blogs.techsnapie.com][error] Feed query failed! Try reconnecting your account in the plugin settings.
-------------------------------
03-08-2023 20:58:00 [blogs.techsnapie.com][info] Feed query: [{"username":"techsnapie_magazine","blocked_users":"","blocked_words":"","allowed_words":""},"12","20"]
03-08-2023 20:58:01 [blogs.techsnapie.com][error] Feed query failed! Try reconnecting your account in the plugin settings.
-------------------------------
03-08-2023 21:01:02 [blogs.techsnapie.com][info] Feed query: [{"username":"techsnapie_magazine","blocked_users":"","blocked_words":"","allowed_words":""},"12","20"]
03-08-2023 21:01:03 [blogs.techsnapie.com][error] Feed query failed! Try reconnecting your account in the plugin settings.
-------------------------------
03-08-2023 21:01:07 [blogs.techsnapie.com][info] Feed query: [{"username":"techsnapie_magazine","blocked_users":"","blocked_words":"","allowed_words":""},"12","20"]
03-08-2023 21:01:07 [blogs.techsnapie.com][error] Feed query failed! Try reconnecting your account in the plugin settings.
-------------------------------
03-08-2023 21:01:38 [blogs.techsnapie.com][info] Feed query: [{"username":"techsnapie_magazine","blocked_users":"","blocked_words":"","allowed_words":""},"12","20"]
03-08-2023 21:01:39 [blogs.techsnapie.com][error] Feed query failed! Try reconnecting your account in the plugin settings.
-------------------------------
03-08-2023 21:01:42 [blogs.techsnapie.com][info] Feed query: [{"username":"techsnapie_magazine","blocked_users":"","blocked_words":"","allowed_words":""},"12","20"]
03-08-2023 21:01:43 [blogs.techsnapie.com][error] Feed query failed! Try reconnecting your account in the plugin settings.
-------------------------------
03-08-2023 21:01:46 [blogs.techsnapie.com][info] Feed query: [{"username":"techsnapie_magazine","blocked_users":"","blocked_words":"","allowed_words":""},"12","20"]
03-08-2023 21:01:47 [blogs.techsnapie.com][error] Feed query failed! Try reconnecting your account in the plugin settings.
-------------------------------
03-08-2023 21:02:47 [blogs.techsnapie.com][info] Feed query: [{"username":"techsnapie_magazine","blocked_users":"","blocked_words":"","allowed_words":""},"12","20"]
03-08-2023 21:02:47 [blogs.techsnapie.com][error] Feed query failed! Try reconnecting your account in the plugin settings.
-------------------------------
03-08-2023 21:07:27 [blogs.techsnapie.com][info] Feed query: [{"username":"techsnapie_magazine","blocked_users":"","blocked_words":"","allowed_words":""},"12","20"]
03-08-2023 21:07:27 [blogs.techsnapie.com][error] Feed query failed! Try reconnecting your account in the plugin settings.
-------------------------------
03-08-2023 21:12:28 [blogs.techsnapie.com][info] Feed query: [{"username":"techsnapie_magazine","blocked_users":"","blocked_words":"","allowed_words":""},"12","20"]
03-08-2023 21:12:29 [blogs.techsnapie.com][error] Feed query failed! Try reconnecting your account in the plugin settings.
-------------------------------
03-08-2023 21:17:17 [blogs.techsnapie.com][info] Feed query: [{"username":"techsnapie_magazine","blocked_users":"","blocked_words":"","allowed_words":""},"12","20"]
03-08-2023 21:17:18 [blogs.techsnapie.com][error] Feed query failed! Try reconnecting your account in the plugin settings.
-------------------------------
03-08-2023 21:22:48 [blogs.techsnapie.com][info] Feed query: [{"username":"techsnapie_magazine","blocked_users":"","blocked_words":"","allowed_words":""},"12","20"]
03-08-2023 21:22:49 [blogs.techsnapie.com][error] Feed query failed! Try reconnecting your account in the plugin settings.
-------------------------------
03-08-2023 21:27:32 [blogs.techsnapie.com][info] Feed query: [{"username":"techsnapie_magazine","blocked_users":"","blocked_words":"","allowed_words":""},"12","20"]
03-08-2023 21:27:33 [blogs.techsnapie.com][error] Feed query failed! Try reconnecting your account in the plugin settings.
-------------------------------
03-08-2023 21:32:04 [blogs.techsnapie.com][info] Feed query: [{"username":"techsnapie_magazine","blocked_users":"","blocked_words":"","allowed_words":""},"12","20"]
03-08-2023 21:32:05 [blogs.techsnapie.com][error] Feed query failed! Try reconnecting your account in the plugin settings.
-------------------------------
03-08-2023 21:37:00 [blogs.techsnapie.com][info] Feed query: [{"username":"techsnapie_magazine","blocked_users":"","blocked_words":"","allowed_words":""},"12","20"]
03-08-2023 21:37:00 [blogs.techsnapie.com][error] Feed query failed! Try reconnecting your account in the plugin settings.
-------------------------------
03-08-2023 21:43:13 [blogs.techsnapie.com][info] Feed query: [{"username":"techsnapie_magazine","blocked_users":"","blocked_words":"","allowed_words":""},"12","20"]
03-08-2023 21:43:14 [blogs.techsnapie.com][error] Feed query failed! Try reconnecting your account in the plugin settings.
-------------------------------
03-08-2023 21:48:40 [blogs.techsnapie.com][info] Feed query: [{"username":"techsnapie_magazine","blocked_users":"","blocked_words":"","allowed_words":""},"12","20"]
03-08-2023 21:48:41 [blogs.techsnapie.com][error] Feed query failed! Try reconnecting your account in the plugin settings.
-------------------------------
03-08-2023 21:54:31 [blogs.techsnapie.com][info] Feed query: [{"username":"techsnapie_magazine","blocked_users":"","blocked_words":"","allowed_words":""},"12","20"]
03-08-2023 21:54:31 [blogs.techsnapie.com][error] Feed query failed! Try reconnecting your account in the plugin settings.
-------------------------------
03-08-2023 22:06:16 [blogs.techsnapie.com][info] Feed query: [{"username":"techsnapie_magazine","blocked_users":"","blocked_words":"","allowed_words":""},"12","20"]
03-08-2023 22:06:17 [blogs.techsnapie.com][error] Feed query failed! Try reconnecting your account in the plugin settings.
-------------------------------
03-08-2023 22:11:28 [blogs.techsnapie.com][info] Feed query: [{"username":"techsnapie_magazine","blocked_users":"","blocked_words":"","allowed_words":""},"12","20"]
03-08-2023 22:11:28 [blogs.techsnapie.com][error] Feed query failed! Try reconnecting your account in the plugin settings.
-------------------------------
03-08-2023 22:16:55 [blogs.techsnapie.com][info] Feed query: [{"username":"techsnapie_magazine","blocked_users":"","blocked_words":"","allowed_words":""},"12","20"]
03-08-2023 22:16:56 [blogs.techsnapie.com][error] Feed query failed! Try reconnecting your account in the plugin settings.
-------------------------------
03-08-2023 22:22:11 [blogs.techsnapie.com][info] Feed query: [{"username":"techsnapie_magazine","blocked_users":"","blocked_words":"","allowed_words":""},"12","20"]
03-08-2023 22:22:11 [blogs.techsnapie.com][error] Feed query failed! Try reconnecting your account in the plugin settings.
-------------------------------
03-08-2023 22:23:47 [blogs.techsnapie.com][info] Feed query: [{"username":"techsnapie_magazine","blocked_users":"","blocked_words":"","allowed_words":""},"12","20"]
03-08-2023 22:23:48 [blogs.techsnapie.com][error] Feed query failed! Try reconnecting your account in the plugin settings.
-------------------------------
03-08-2023 22:27:11 [blogs.techsnapie.com][info] Feed query: [{"username":"techsnapie_magazine","blocked_users":"","blocked_words":"","allowed_words":""},"12","20"]
03-08-2023 22:27:12 [blogs.techsnapie.com][error] Feed query failed! Try reconnecting your account in the plugin settings.
-------------------------------
03-08-2023 22:32:30 [blogs.techsnapie.com][info] Feed query: [{"username":"techsnapie_magazine","blocked_users":"","blocked_words":"","allowed_words":""},"12","20"]
03-08-2023 22:32:31 [blogs.techsnapie.com][error] Feed query failed! Try reconnecting your account in the plugin settings.
-------------------------------
03-08-2023 22:37:52 [blogs.techsnapie.com][info] Feed query: [{"username":"techsnapie_magazine","blocked_users":"","blocked_words":"","allowed_words":""},"12","20"]
03-08-2023 22:37:53 [blogs.techsnapie.com][error] Feed query failed! Try reconnecting your account in the plugin settings.
-------------------------------
03-08-2023 23:13:20 [blogs.techsnapie.com][info] Feed query: [{"username":"techsnapie_magazine","blocked_users":null,"blocked_words":"","allowed_words":""},"12",20]
03-08-2023 23:13:21 [blogs.techsnapie.com][error] Feed query failed! Try reconnecting your account in the plugin settings.
-------------------------------
03-08-2023 23:15:16 [blogs.techsnapie.com][info] Feed query: [{"username":"techsnapie_magazine","blocked_users":null,"blocked_words":"","allowed_words":""},"12",20]
03-08-2023 23:15:16 [blogs.techsnapie.com][error] Feed query failed! Try reconnecting your account in the plugin settings.
-------------------------------
03-08-2023 23:17:06 [blogs.techsnapie.com][info] Feed query: [{"username":"techsnapie_magazine","blocked_users":null,"blocked_words":"","allowed_words":""},"12",20]
03-08-2023 23:17:07 [blogs.techsnapie.com][error] Feed query failed! Try reconnecting your account in the plugin settings.
-------------------------------
03-08-2023 23:18:08 [blogs.techsnapie.com][info] Feed query: [{"username":"techsnapie_magazine","blocked_users":null,"blocked_words":"","allowed_words":""},"12",20]
03-08-2023 23:18:09 [blogs.techsnapie.com][error] Feed query failed! Try reconnecting your account in the plugin settings.
-------------------------------
03-08-2023 23:19:27 [blogs.techsnapie.com][info] Feed query: [{"username":"techsnapie_magazine","blocked_users":null,"blocked_words":"","allowed_words":""},"12",20]
03-08-2023 23:19:29 [blogs.techsnapie.com][error] Feed query failed! Try reconnecting your account in the plugin settings.
-------------------------------
03-08-2023 23:20:04 [blogs.techsnapie.com][info] Feed query: [{"username":"techsnapie_magazine","blocked_users":null,"blocked_words":"","allowed_words":""},"12",20]
03-08-2023 23:20:04 [blogs.techsnapie.com][error] Feed query failed! Try reconnecting your account in the plugin settings.
-------------------------------
03-08-2023 23:21:17 [blogs.techsnapie.com][info] Feed query: [{"username":"techsnapie_magazine","blocked_users":null,"blocked_words":"","allowed_words":""},"12",20]
03-08-2023 23:21:18 [blogs.techsnapie.com][error] Feed query failed! Try reconnecting your account in the plugin settings.
-------------------------------
03-08-2023 23:21:45 [blogs.techsnapie.com][info] Feed query: [{"username":"techsnapie_magazine","blocked_users":null,"blocked_words":"","allowed_words":""},"12",20]
03-08-2023 23:21:46 [blogs.techsnapie.com][error] Feed query failed! Try reconnecting your account in the plugin settings.
-------------------------------
03-08-2023 23:22:46 [blogs.techsnapie.com][info] Feed query: [{"username":"techsnapie_magazine","blocked_users":null,"blocked_words":"","allowed_words":""},"12",20]
03-08-2023 23:22:46 [blogs.techsnapie.com][error] Feed query failed! Try reconnecting your account in the plugin settings.
-------------------------------
03-08-2023 23:25:21 [blogs.techsnapie.com][info] Feed query: [{"username":"techsnapie_magazine","blocked_users":null,"blocked_words":"","allowed_words":""},"12",20]
03-08-2023 23:25:22 [blogs.techsnapie.com][error] Feed query failed! Try reconnecting your account in the plugin settings.
-------------------------------
03-08-2023 23:25:35 [blogs.techsnapie.com][info] Feed query: [{"username":"techsnapie_magazine","blocked_users":null,"blocked_words":"","allowed_words":""},"12",20]
03-08-2023 23:25:36 [blogs.techsnapie.com][error] Feed query failed! Try reconnecting your account in the plugin settings.
-------------------------------
03-08-2023 23:27:13 [blogs.techsnapie.com][info] Feed query: [{"username":"techsnapie_magazine","blocked_users":null,"blocked_words":"","allowed_words":""},"12",20]
03-08-2023 23:27:13 [blogs.techsnapie.com][error] Feed query failed! Try reconnecting your account in the plugin settings.
-------------------------------
03-08-2023 23:28:29 [blogs.techsnapie.com][info] Feed query: [{"username":"techsnapie_magazine","blocked_users":null,"blocked_words":"","allowed_words":""},"12",20]
03-08-2023 23:28:30 [blogs.techsnapie.com][error] Feed query failed! Try reconnecting your account in the plugin settings.
-------------------------------
03-08-2023 23:30:13 [blogs.techsnapie.com][info] Feed query: [{"username":"techsnapie_magazine","blocked_users":null,"blocked_words":"","allowed_words":""},"12",20]
03-08-2023 23:30:15 [blogs.techsnapie.com][error] Feed query failed! Try reconnecting your account in the plugin settings.
-------------------------------
03-08-2023 23:31:32 [blogs.techsnapie.com][info] Feed query: [{"username":"techsnapie_magazine","blocked_users":null,"blocked_words":"","allowed_words":""},"12",20]
03-08-2023 23:31:33 [blogs.techsnapie.com][error] Feed query failed! Try reconnecting your account in the plugin settings.
-------------------------------
03-08-2023 23:32:38 [blogs.techsnapie.com][info] Feed query: [{"username":"techsnapie_magazine","blocked_users":null,"blocked_words":"","allowed_words":""},"12",20]
03-08-2023 23:32:39 [blogs.techsnapie.com][error] Feed query failed! Try reconnecting your account in the plugin settings.
-------------------------------
03-08-2023 23:38:25 [blogs.techsnapie.com][info] Feed query: [{"username":"techsnapie_magazine","blocked_users":"","blocked_words":"","allowed_words":""},"12","20"]
03-08-2023 23:38:26 [blogs.techsnapie.com][error] Feed query failed! Try reconnecting your account in the plugin settings.
-------------------------------
04-08-2023 00:09:09 [blogs.techsnapie.com][info] Feed query: [{"username":"techsnapie_magazine","blocked_users":"","blocked_words":"","allowed_words":""},"12","20"]
04-08-2023 00:09:09 [blogs.techsnapie.com][error] Feed query failed! Try reconnecting your account in the plugin settings.
-------------------------------
04-08-2023 00:18:28 [blogs.techsnapie.com][info] Feed query: [{"username":"techsnapie_magazine","blocked_users":"","blocked_words":"","allowed_words":""},"12","20"]
04-08-2023 00:18:28 [blogs.techsnapie.com][error] Feed query failed! Try reconnecting your account in the plugin settings.
-------------------------------
04-08-2023 00:27:37 [blogs.techsnapie.com][info] Feed query: [{"username":"techsnapie_magazine","blocked_users":"","blocked_words":"","allowed_words":""},"12","20"]
04-08-2023 00:27:38 [blogs.techsnapie.com][error] Feed query failed! Try reconnecting your account in the plugin settings.
-------------------------------
04-08-2023 01:10:23 [blogs.techsnapie.com][info] Feed query: [{"username":"techsnapie_magazine","blocked_users":"","blocked_words":"","allowed_words":""},"12","20"]
04-08-2023 01:10:24 [blogs.techsnapie.com][error] Feed query failed! Try reconnecting your account in the plugin settings.
-------------------------------
04-08-2023 01:22:02 [blogs.techsnapie.com][info] Feed query: [{"username":"techsnapie_magazine","blocked_users":"","blocked_words":"","allowed_words":""},"12","20"]
04-08-2023 01:22:02 [blogs.techsnapie.com][error] Feed query failed! Try reconnecting your account in the plugin settings.
-------------------------------
04-08-2023 01:46:48 [blogs.techsnapie.com][info] Feed query: [{"username":"techsnapie_magazine","blocked_users":"","blocked_words":"","allowed_words":""},"12","20"]
04-08-2023 01:46:49 [blogs.techsnapie.com][error] Feed query failed! Try reconnecting your account in the plugin settings.
-------------------------------
04-08-2023 01:55:57 [blogs.techsnapie.com][info] Feed query: [{"username":"techsnapie_magazine","blocked_users":"","blocked_words":"","allowed_words":""},"12","20"]
04-08-2023 01:55:58 [blogs.techsnapie.com][error] Feed query failed! Try reconnecting your account in the plugin settings.
-------------------------------
04-08-2023 02:05:12 [blogs.techsnapie.com][info] Feed query: [{"username":"techsnapie_magazine","blocked_users":"","blocked_words":"","allowed_words":""},"12","20"]
04-08-2023 02:05:12 [blogs.techsnapie.com][error] Feed query failed! Try reconnecting your account in the plugin settings.
-------------------------------
04-08-2023 02:15:11 [blogs.techsnapie.com][info] Feed query: [{"username":"techsnapie_magazine","blocked_users":"","blocked_words":"","allowed_words":""},"12","20"]
04-08-2023 02:15:12 [blogs.techsnapie.com][error] Feed query failed! Try reconnecting your account in the plugin settings.
-------------------------------
04-08-2023 02:24:50 [blogs.techsnapie.com][info] Feed query: [{"username":"techsnapie_magazine","blocked_users":"","blocked_words":"","allowed_words":""},"12","20"]
04-08-2023 02:24:51 [blogs.techsnapie.com][error] Feed query failed! Try reconnecting your account in the plugin settings.
-------------------------------
04-08-2023 02:34:23 [blogs.techsnapie.com][info] Feed query: [{"username":"techsnapie_magazine","blocked_users":"","blocked_words":"","allowed_words":""},"12","20"]
04-08-2023 02:34:24 [blogs.techsnapie.com][error] Feed query failed! Try reconnecting your account in the plugin settings.
-------------------------------
04-08-2023 02:35:00 [blogs.techsnapie.com][info] Feed query: [{"username":"techsnapie_magazine","blocked_users":null,"blocked_words":"","allowed_words":""},"12",20]
04-08-2023 02:35:01 [blogs.techsnapie.com][error] Feed query failed! Try reconnecting your account in the plugin settings.
-------------------------------
04-08-2023 02:36:21 [blogs.techsnapie.com][info] Feed query: [{"username":"techsnapie_magazine","blocked_users":null,"blocked_words":"","allowed_words":""},"12",20]
04-08-2023 02:36:22 [blogs.techsnapie.com][error] Feed query failed! Try reconnecting your account in the plugin settings.
-------------------------------
04-08-2023 02:38:02 [blogs.techsnapie.com][info] Feed query: [{"username":"techsnapie_magazine","blocked_users":null,"blocked_words":"","allowed_words":""},"12",20]
04-08-2023 02:38:02 [blogs.techsnapie.com][error] Feed query failed! Try reconnecting your account in the plugin settings.
-------------------------------
04-08-2023 02:39:15 [blogs.techsnapie.com][info] Feed query: [{"username":"techsnapie_magazine","blocked_users":null,"blocked_words":"","allowed_words":""},"12",20]
04-08-2023 02:39:16 [blogs.techsnapie.com][error] Feed query failed! Try reconnecting your account in the plugin settings.
-------------------------------
04-08-2023 02:40:46 [blogs.techsnapie.com][info] Feed query: [{"username":"techsnapie_magazine","blocked_users":null,"blocked_words":"","allowed_words":""},"12",20]
04-08-2023 02:40:46 [blogs.techsnapie.com][error] Feed query failed! Try reconnecting your account in the plugin settings.
-------------------------------
04-08-2023 02:43:24 [blogs.techsnapie.com][info] Feed query: [{"username":"techsnapie_magazine","blocked_users":null,"blocked_words":"","allowed_words":""},"12",20]
04-08-2023 02:43:25 [blogs.techsnapie.com][error] Feed query failed! Try reconnecting your account in the plugin settings.
-------------------------------
04-08-2023 02:45:00 [blogs.techsnapie.com][info] Feed query: [{"username":"techsnapie_magazine","blocked_users":null,"blocked_words":"","allowed_words":""},"12",20]
04-08-2023 02:45:01 [blogs.techsnapie.com][error] Feed query failed! Try reconnecting your account in the plugin settings.
-------------------------------
04-08-2023 02:58:29 [blogs.techsnapie.com][info] Feed query: [{"username":"techsnapie_magazine","blocked_users":"","blocked_words":"","allowed_words":""},"12","20"]
04-08-2023 02:58:30 [blogs.techsnapie.com][error] Feed query failed! Try reconnecting your account in the plugin settings.
-------------------------------
04-08-2023 03:07:21 [blogs.techsnapie.com][info] Feed query: [{"username":"techsnapie_magazine","blocked_users":"","blocked_words":"","allowed_words":""},"12","20"]
04-08-2023 03:07:21 [blogs.techsnapie.com][error] Feed query failed! Try reconnecting your account in the plugin settings.
-------------------------------
04-08-2023 03:08:14 [blogs.techsnapie.com][info] Feed query: [{"username":"techsnapie_magazine","blocked_users":null,"blocked_words":"","allowed_words":""},"12",20]
04-08-2023 03:08:15 [blogs.techsnapie.com][error] Feed query failed! Try reconnecting your account in the plugin settings.
-------------------------------
04-08-2023 03:16:30 [blogs.techsnapie.com][info] Feed query: [{"username":"techsnapie_magazine","blocked_users":"","blocked_words":"","allowed_words":""},"12","20"]
04-08-2023 03:16:30 [blogs.techsnapie.com][error] Feed query failed! Try reconnecting your account in the plugin settings.
-------------------------------
04-08-2023 03:25:51 [blogs.techsnapie.com][info] Feed query: [{"username":"techsnapie_magazine","blocked_users":"","blocked_words":"","allowed_words":""},"12","20"]
04-08-2023 03:25:52 [blogs.techsnapie.com][error] Feed query failed! Try reconnecting your account in the plugin settings.
-------------------------------
04-08-2023 03:34:24 [blogs.techsnapie.com][info] Feed query: [{"username":"techsnapie_magazine","blocked_users":"","blocked_words":"","allowed_words":""},"12","20"]
04-08-2023 03:34:24 [blogs.techsnapie.com][error] Feed query failed! Try reconnecting your account in the plugin settings.
-------------------------------
04-08-2023 03:43:32 [blogs.techsnapie.com][info] Feed query: [{"username":"techsnapie_magazine","blocked_users":"","blocked_words":"","allowed_words":""},"12","20"]
04-08-2023 03:43:32 [blogs.techsnapie.com][error] Feed query failed! Try reconnecting your account in the plugin settings.
-------------------------------
04-08-2023 03:47:55 [blogs.techsnapie.com][info] Feed query: [{"username":"techsnapie_magazine","blocked_users":"","blocked_words":"","allowed_words":""},"12","20"]
04-08-2023 03:47:56 [blogs.techsnapie.com][error] Feed query failed! Try reconnecting your account in the plugin settings.
-------------------------------
04-08-2023 03:52:18 [blogs.techsnapie.com][info] Feed query: [{"username":"techsnapie_magazine","blocked_users":"","blocked_words":"","allowed_words":""},"12","20"]
04-08-2023 03:52:19 [blogs.techsnapie.com][error] Feed query failed! Try reconnecting your account in the plugin settings.
-------------------------------
04-08-2023 03:52:49 [blogs.techsnapie.com][info] Feed query: [{"username":"techsnapie_magazine","blocked_users":null,"blocked_words":"","allowed_words":""},"12",20]
04-08-2023 03:52:50 [blogs.techsnapie.com][error] Feed query failed! Try reconnecting your account in the plugin settings.
-------------------------------
04-08-2023 03:59:50 [blogs.techsnapie.com][info] Feed query: [{"username":"techsnapie_magazine","blocked_users":"","blocked_words":"","allowed_words":""},"12","20"]
04-08-2023 03:59:51 [blogs.techsnapie.com][error] Feed query failed! Try reconnecting your account in the plugin settings.
-------------------------------
04-08-2023 04:01:57 [blogs.techsnapie.com][info] Feed query: [{"username":"techsnapie_magazine","blocked_users":"","blocked_words":"","allowed_words":""},"12","20"]
04-08-2023 04:01:57 [blogs.techsnapie.com][error] Feed query failed! Try reconnecting your account in the plugin settings.
-------------------------------
04-08-2023 04:11:22 [blogs.techsnapie.com][info] Feed query: [{"username":"techsnapie_magazine","blocked_users":"","blocked_words":"","allowed_words":""},"12","20"]
04-08-2023 04:11:23 [blogs.techsnapie.com][error] Feed query failed! Try reconnecting your account in the plugin settings.
-------------------------------
04-08-2023 04:21:19 [blogs.techsnapie.com][info] Feed query: [{"username":"techsnapie_magazine","blocked_users":null,"blocked_words":"","allowed_words":""},"12",20]
04-08-2023 04:21:20 [blogs.techsnapie.com][error] Feed query failed! Try reconnecting your account in the plugin settings.
-------------------------------
04-08-2023 04:21:30 [blogs.techsnapie.com][info] Feed query: [{"username":"techsnapie_magazine","blocked_users":"","blocked_words":"","allowed_words":""},"12","20"]
04-08-2023 04:21:30 [blogs.techsnapie.com][error] Feed query failed! Try reconnecting your account in the plugin settings.
-------------------------------
04-08-2023 04:31:34 [blogs.techsnapie.com][info] Feed query: [{"username":"techsnapie_magazine","blocked_users":"","blocked_words":"","allowed_words":""},"12","20"]
04-08-2023 04:31:35 [blogs.techsnapie.com][error] Feed query failed! Try reconnecting your account in the plugin settings.
-------------------------------
04-08-2023 04:36:05 [blogs.techsnapie.com][info] Feed query: [{"username":"techsnapie_magazine","blocked_users":"","blocked_words":"","allowed_words":""},"12","20"]
04-08-2023 04:36:06 [blogs.techsnapie.com][error] Feed query failed! Try reconnecting your account in the plugin settings.
-------------------------------
04-08-2023 04:40:33 [blogs.techsnapie.com][info] Feed query: [{"username":"techsnapie_magazine","blocked_users":"","blocked_words":"","allowed_words":""},"12","20"]
04-08-2023 04:40:34 [blogs.techsnapie.com][error] Feed query failed! Try reconnecting your account in the plugin settings.
-------------------------------
04-08-2023 04:48:06 [blogs.techsnapie.com][info] Feed query: [{"username":"techsnapie_magazine","blocked_users":null,"blocked_words":"","allowed_words":""},"12",20]
04-08-2023 04:48:07 [blogs.techsnapie.com][error] Feed query failed! Try reconnecting your account in the plugin settings.
-------------------------------
04-08-2023 04:49:24 [blogs.techsnapie.com][info] Feed query: [{"username":"techsnapie_magazine","blocked_users":"","blocked_words":"","allowed_words":""},"12","20"]
04-08-2023 04:49:24 [blogs.techsnapie.com][error] Feed query failed! Try reconnecting your account in the plugin settings.
-------------------------------
04-08-2023 04:57:57 [blogs.techsnapie.com][info] Feed query: [{"username":"techsnapie_magazine","blocked_users":"","blocked_words":"","allowed_words":""},"12","20"]
04-08-2023 04:57:58 [blogs.techsnapie.com][error] Feed query failed! Try reconnecting your account in the plugin settings.
-------------------------------
04-08-2023 05:07:42 [blogs.techsnapie.com][info] Feed query: [{"username":"techsnapie_magazine","blocked_users":"","blocked_words":"","allowed_words":""},"12","20"]
04-08-2023 05:07:43 [blogs.techsnapie.com][error] Feed query failed! Try reconnecting your account in the plugin settings.
-------------------------------
04-08-2023 05:24:23 [blogs.techsnapie.com][info] Feed query: [{"username":"techsnapie_magazine","blocked_users":null,"blocked_words":"","allowed_words":""},"12",20]
04-08-2023 05:24:23 [blogs.techsnapie.com][error] Feed query failed! Try reconnecting your account in the plugin settings.
-------------------------------