2023-07-16 16:32:17: Username: abitha; Email address: abithabojraj054@gmail.com; Note: Email failed to be delivered

2023-07-16 16:32:17: Username: Anjukabharathi; Email address: anjukabharathi@gmail.com; Note: Email failed to be delivered

2023-07-16 16:32:18: Username: boobesh; Email address: boobesh1982002@gmail.com; Note: Email failed to be delivered

2023-07-16 16:32:19: Username: clara; Email address: claravestroia@gmail.com; Note: Email failed to be delivered

2023-07-16 16:32:20: Username: DAVID WILLIAM; Email address: davidkncet004@gmail.com; Note: Email failed to be delivered

2023-07-16 16:32:21: Username: gobinath; Email address: gopinathbcseasnsct@gmail.cm; Note: Email failed to be delivered

2023-07-16 16:32:22: Username: gopika; Email address: gopikags.cseasnsct@gmail.com; Note: Email failed to be delivered

2023-07-16 16:32:23: Username: gratus_richard; Email address: Gratusricharda@protonmail.com; Note: Email failed to be delivered

2023-07-16 16:32:23: Username: Harshini; Email address: harshinis.cseasnsct@gmail.com; Note: Email failed to be delivered

2023-07-16 16:32:24: Username: karthi_keyan; Email address: karthiramesh56@gmail.com; Note: Email failed to be delivered

2023-07-16 16:32:25: Username: karthikeyan; Email address: karthikeyanrm07cse@gmail.com; Note: Email failed to be delivered

2023-07-16 16:32:26: Username: kavya_suresh; Email address: kavyasuresh0550@gmail.com; Note: Email failed to be delivered

2023-07-16 16:32:26: Username: keerthika_ts; Email address: keerthiannappan@gmail.com; Note: Email failed to be delivered

2023-07-16 16:32:27: Username: nithish_kumar; Email address: rajnithish27@gmail.com; Note: Email failed to be delivered

2023-07-16 16:32:28: Username: Pavithra; Email address: pavithrar24cseb@gmail.com; Note: Email failed to be delivered

2023-07-16 16:32:29: Username: pavithra_100; Email address: pavithrakarthikeyan26@gmail.com; Note: Email failed to be delivered

2023-07-16 16:32:29: Username: Rosheni; Email address: rosheni.manickavasakan@gmail.com; Note: Email failed to be delivered

2023-07-16 16:32:30: Username: salstan; Email address: salstankutty@gmail.com; Note: Email failed to be delivered

2023-07-16 16:32:31: Username: sangavi_kumar; Email address: sangaviragavi2127@gmail.com; Note: Email failed to be delivered

2023-07-16 16:32:32: Username: sharmila; Email address: sharmila.alg30@gmail.com; Note: Email failed to be delivered

2023-07-16 16:32:33: Username: thanu_Shri; Email address: thanushrita6ecesnsct@gmail.com; Note: Email failed to be delivered

2023-07-16 16:32:34: Username: thriza_ravi; Email address: thrizaravicsec@gmail.com; Note: Email failed to be delivered

2023-07-16 16:32:35: Username: vindhya; Email address: vindhyavin2003@gmail.com; Note: Email failed to be delivered

2023-07-16 16:32:37: Username: Yashwant_CG; Email address: yashwant072002@gmail.com; Note: Email failed to be delivered

2023-07-16 16:32:38: Username: yogesh_kb; Email address: yoyokb404@gmail.com; Note: Email failed to be delivered

