2023-07-16 16:30:02: Username: Anjukabharathi; Email address: anjukabharathi@gmail.com; Note: Email failed to be delivered

2023-07-16 16:30:03: Username: boobesh; Email address: boobesh1982002@gmail.com; Note: Email failed to be delivered

2023-07-16 16:30:04: Username: clara; Email address: claravestroia@gmail.com; Note: Email failed to be delivered

2023-07-16 16:30:05: Username: DAVID WILLIAM; Email address: davidkncet004@gmail.com; Note: Email failed to be delivered

2023-07-16 16:30:06: Username: gobinath; Email address: gopinathbcseasnsct@gmail.cm; Note: Email failed to be delivered

2023-07-16 16:30:06: Username: gopika; Email address: gopikags.cseasnsct@gmail.com; Note: Email failed to be delivered

2023-07-16 16:30:07: Username: gratus_richard; Email address: Gratusricharda@protonmail.com; Note: Email failed to be delivered

2023-07-16 16:30:10: Username: Harshini; Email address: harshinis.cseasnsct@gmail.com; Note: Email failed to be delivered

2023-07-16 16:30:11: Username: karthi_keyan; Email address: karthiramesh56@gmail.com; Note: Email failed to be delivered

2023-07-16 16:30:12: Username: karthikeyan; Email address: karthikeyanrm07cse@gmail.com; Note: Email failed to be delivered

2023-07-16 16:30:13: Username: kavya_suresh; Email address: kavyasuresh0550@gmail.com; Note: Email failed to be delivered

2023-07-16 16:30:14: Username: keerthika_ts; Email address: keerthiannappan@gmail.com; Note: Email failed to be delivered

2023-07-16 16:30:15: Username: nithish_kumar; Email address: rajnithish27@gmail.com; Note: Email failed to be delivered

2023-07-16 16:30:15: Username: Pavithra; Email address: pavithrar24cseb@gmail.com; Note: Email failed to be delivered

2023-07-16 16:30:16: Username: pavithra_100; Email address: pavithrakarthikeyan26@gmail.com; Note: Email failed to be delivered

2023-07-16 16:30:17: Username: Rosheni; Email address: rosheni.manickavasakan@gmail.com; Note: Email failed to be delivered

2023-07-16 16:30:18: Username: salstan; Email address: salstankutty@gmail.com; Note: Email failed to be delivered

2023-07-16 16:30:19: Username: sangavi_kumar; Email address: sangaviragavi2127@gmail.com; Note: Email failed to be delivered

2023-07-16 16:30:19: Username: sharmila; Email address: sharmila.alg30@gmail.com; Note: Email failed to be delivered

2023-07-16 16:30:21: Username: thanu_Shri; Email address: thanushrita6ecesnsct@gmail.com; Note: Email failed to be delivered

2023-07-16 16:30:21: Username: thriza_ravi; Email address: thrizaravicsec@gmail.com; Note: Email failed to be delivered

2023-07-16 16:30:22: Username: vindhya; Email address: vindhyavin2003@gmail.com; Note: Email failed to be delivered

2023-07-16 16:30:23: Username: Yashwant_CG; Email address: yashwant072002@gmail.com; Note: Email failed to be delivered

2023-07-16 16:30:24: Username: yogesh_kb; Email address: yoyokb404@gmail.com; Note: Email failed to be delivered

