2023-07-16 16:30:25: Username: abitha; Email address: abithabojraj054@gmail.com; Note: Email failed to be delivered

2023-07-16 16:30:26: Username: Anjukabharathi; Email address: anjukabharathi@gmail.com; Note: Email failed to be delivered

2023-07-16 16:30:27: Username: boobesh; Email address: boobesh1982002@gmail.com; Note: Email failed to be delivered

2023-07-16 16:30:28: Username: clara; Email address: claravestroia@gmail.com; Note: Email failed to be delivered

2023-07-16 16:30:29: Username: DAVID WILLIAM; Email address: davidkncet004@gmail.com; Note: Email failed to be delivered

2023-07-16 16:30:30: Username: gobinath; Email address: gopinathbcseasnsct@gmail.cm; Note: Email failed to be delivered

2023-07-16 16:30:31: Username: gopika; Email address: gopikags.cseasnsct@gmail.com; Note: Email failed to be delivered

2023-07-16 16:30:32: Username: gratus_richard; Email address: Gratusricharda@protonmail.com; Note: Email failed to be delivered

2023-07-16 16:30:33: Username: Harshini; Email address: harshinis.cseasnsct@gmail.com; Note: Email failed to be delivered

2023-07-16 16:30:34: Username: karthi_keyan; Email address: karthiramesh56@gmail.com; Note: Email failed to be delivered

2023-07-16 16:30:34: Username: karthikeyan; Email address: karthikeyanrm07cse@gmail.com; Note: Email failed to be delivered

2023-07-16 16:30:35: Username: kavya_suresh; Email address: kavyasuresh0550@gmail.com; Note: Email failed to be delivered

2023-07-16 16:30:36: Username: keerthika_ts; Email address: keerthiannappan@gmail.com; Note: Email failed to be delivered

2023-07-16 16:30:37: Username: nithish_kumar; Email address: rajnithish27@gmail.com; Note: Email failed to be delivered

2023-07-16 16:30:38: Username: Pavithra; Email address: pavithrar24cseb@gmail.com; Note: Email failed to be delivered

2023-07-16 16:30:39: Username: pavithra_100; Email address: pavithrakarthikeyan26@gmail.com; Note: Email failed to be delivered

2023-07-16 16:30:40: Username: Rosheni; Email address: rosheni.manickavasakan@gmail.com; Note: Email failed to be delivered

2023-07-16 16:30:41: Username: salstan; Email address: salstankutty@gmail.com; Note: Email failed to be delivered

2023-07-16 16:30:41: Username: sangavi_kumar; Email address: sangaviragavi2127@gmail.com; Note: Email failed to be delivered

2023-07-16 16:30:42: Username: sharmila; Email address: sharmila.alg30@gmail.com; Note: Email failed to be delivered

2023-07-16 16:30:43: Username: thanu_Shri; Email address: thanushrita6ecesnsct@gmail.com; Note: Email failed to be delivered

2023-07-16 16:30:44: Username: thriza_ravi; Email address: thrizaravicsec@gmail.com; Note: Email failed to be delivered

2023-07-16 16:30:45: Username: vindhya; Email address: vindhyavin2003@gmail.com; Note: Email failed to be delivered

2023-07-16 16:30:46: Username: Yashwant_CG; Email address: yashwant072002@gmail.com; Note: Email failed to be delivered

2023-07-16 16:30:46: Username: yogesh_kb; Email address: yoyokb404@gmail.com; Note: Email failed to be delivered

