2023-07-16 16:31:53: Username: abitha; Email address: abithabojraj054@gmail.com; Note: Email failed to be delivered

2023-07-16 16:31:55: Username: Anjukabharathi; Email address: anjukabharathi@gmail.com; Note: Email failed to be delivered

2023-07-16 16:31:55: Username: boobesh; Email address: boobesh1982002@gmail.com; Note: Email failed to be delivered

2023-07-16 16:31:56: Username: clara; Email address: claravestroia@gmail.com; Note: Email failed to be delivered

2023-07-16 16:31:56: Username: DAVID WILLIAM; Email address: davidkncet004@gmail.com; Note: Email failed to be delivered

2023-07-16 16:31:57: Username: gobinath; Email address: gopinathbcseasnsct@gmail.cm; Note: Email failed to be delivered

2023-07-16 16:31:58: Username: gopika; Email address: gopikags.cseasnsct@gmail.com; Note: Email failed to be delivered

2023-07-16 16:31:59: Username: gratus_richard; Email address: Gratusricharda@protonmail.com; Note: Email failed to be delivered

2023-07-16 16:32:00: Username: Harshini; Email address: harshinis.cseasnsct@gmail.com; Note: Email failed to be delivered

2023-07-16 16:32:00: Username: karthi_keyan; Email address: karthiramesh56@gmail.com; Note: Email failed to be delivered

2023-07-16 16:32:02: Username: karthikeyan; Email address: karthikeyanrm07cse@gmail.com; Note: Email failed to be delivered

2023-07-16 16:32:03: Username: kavya_suresh; Email address: kavyasuresh0550@gmail.com; Note: Email failed to be delivered

2023-07-16 16:32:04: Username: keerthika_ts; Email address: keerthiannappan@gmail.com; Note: Email failed to be delivered

2023-07-16 16:32:04: Username: nithish_kumar; Email address: rajnithish27@gmail.com; Note: Email failed to be delivered

2023-07-16 16:32:05: Username: Pavithra; Email address: pavithrar24cseb@gmail.com; Note: Email failed to be delivered

2023-07-16 16:32:06: Username: pavithra_100; Email address: pavithrakarthikeyan26@gmail.com; Note: Email failed to be delivered

2023-07-16 16:32:07: Username: Rosheni; Email address: rosheni.manickavasakan@gmail.com; Note: Email failed to be delivered

2023-07-16 16:32:08: Username: salstan; Email address: salstankutty@gmail.com; Note: Email failed to be delivered

2023-07-16 16:32:09: Username: sangavi_kumar; Email address: sangaviragavi2127@gmail.com; Note: Email failed to be delivered

2023-07-16 16:32:10: Username: sharmila; Email address: sharmila.alg30@gmail.com; Note: Email failed to be delivered

2023-07-16 16:32:11: Username: thanu_Shri; Email address: thanushrita6ecesnsct@gmail.com; Note: Email failed to be delivered

2023-07-16 16:32:12: Username: thriza_ravi; Email address: thrizaravicsec@gmail.com; Note: Email failed to be delivered

2023-07-16 16:32:13: Username: vindhya; Email address: vindhyavin2003@gmail.com; Note: Email failed to be delivered

2023-07-16 16:32:14: Username: Yashwant_CG; Email address: yashwant072002@gmail.com; Note: Email failed to be delivered

2023-07-16 16:32:16: Username: yogesh_kb; Email address: yoyokb404@gmail.com; Note: Email failed to be delivered

