2023-07-16 16:31:32: Username: abitha; Email address: abithabojraj054@gmail.com; Note: Email failed to be delivered

2023-07-16 16:31:33: Username: Anjukabharathi; Email address: anjukabharathi@gmail.com; Note: Email failed to be delivered

2023-07-16 16:31:34: Username: boobesh; Email address: boobesh1982002@gmail.com; Note: Email failed to be delivered

2023-07-16 16:31:34: Username: clara; Email address: claravestroia@gmail.com; Note: Email failed to be delivered

2023-07-16 16:31:36: Username: DAVID WILLIAM; Email address: davidkncet004@gmail.com; Note: Email failed to be delivered

2023-07-16 16:31:36: Username: gobinath; Email address: gopinathbcseasnsct@gmail.cm; Note: Email failed to be delivered

2023-07-16 16:31:37: Username: gopika; Email address: gopikags.cseasnsct@gmail.com; Note: Email failed to be delivered

2023-07-16 16:31:38: Username: gratus_richard; Email address: Gratusricharda@protonmail.com; Note: Email failed to be delivered

2023-07-16 16:31:39: Username: Harshini; Email address: harshinis.cseasnsct@gmail.com; Note: Email failed to be delivered

2023-07-16 16:31:40: Username: karthi_keyan; Email address: karthiramesh56@gmail.com; Note: Email failed to be delivered

2023-07-16 16:31:41: Username: karthikeyan; Email address: karthikeyanrm07cse@gmail.com; Note: Email failed to be delivered

2023-07-16 16:31:42: Username: kavya_suresh; Email address: kavyasuresh0550@gmail.com; Note: Email failed to be delivered

2023-07-16 16:31:43: Username: keerthika_ts; Email address: keerthiannappan@gmail.com; Note: Email failed to be delivered

2023-07-16 16:31:44: Username: nithish_kumar; Email address: rajnithish27@gmail.com; Note: Email failed to be delivered

2023-07-16 16:31:44: Username: Pavithra; Email address: pavithrar24cseb@gmail.com; Note: Email failed to be delivered

2023-07-16 16:31:45: Username: pavithra_100; Email address: pavithrakarthikeyan26@gmail.com; Note: Email failed to be delivered

2023-07-16 16:31:46: Username: Rosheni; Email address: rosheni.manickavasakan@gmail.com; Note: Email failed to be delivered

2023-07-16 16:31:46: Username: salstan; Email address: salstankutty@gmail.com; Note: Email failed to be delivered

2023-07-16 16:31:47: Username: sangavi_kumar; Email address: sangaviragavi2127@gmail.com; Note: Email failed to be delivered

2023-07-16 16:31:48: Username: sharmila; Email address: sharmila.alg30@gmail.com; Note: Email failed to be delivered

2023-07-16 16:31:49: Username: thanu_Shri; Email address: thanushrita6ecesnsct@gmail.com; Note: Email failed to be delivered

2023-07-16 16:31:49: Username: thriza_ravi; Email address: thrizaravicsec@gmail.com; Note: Email failed to be delivered

2023-07-16 16:31:50: Username: vindhya; Email address: vindhyavin2003@gmail.com; Note: Email failed to be delivered

2023-07-16 16:31:51: Username: Yashwant_CG; Email address: yashwant072002@gmail.com; Note: Email failed to be delivered

2023-07-16 16:31:52: Username: yogesh_kb; Email address: yoyokb404@gmail.com; Note: Email failed to be delivered

